
 ____       ____       ____       ____
/    \     /    \     /    \     /    \
|  #################################  |
\__#_/     \____/     \____/     \_#__/
   #    _        _______  _____    #
   #   (_)      |_   __ \|_   _|   #      -*-     v 2.0    -*-
   #   __  ______ | |__) | | |     #
   Y  [  ||______||  ___/  | |     #      A Universal Force Engine
  0 0  | |       _| |_    _| |_    #
   #  [___]     |_____|  |_____|   #
 __#_       ____       ____       _#__
/  # \     /    \     /    \     / #  \
|  #################################  |
\____/     \____/     \____/     \____/

    
 # @simulation: Fetchingffsocket
 # Initializing system object 
 # Initializing simulation object 
 # Initializing from file optimized.xyz. Dimension: length, units: automatic, cell_units: automatic
 # Initializing from file optimized.xyz. Dimension: length, units: automatic, cell_units: automatic
 # Initializing from file optimized.xyz. Dimension: length, units: automatic, cell_units: automatic
 # Initializing from file optimized.xyz. Dimension: length, units: automatic, cell_units: automatic
 # Initializing from file optimized.xyz. Dimension: length, units: automatic, cell_units: automatic
 !W! Momenta not specified in initialize. Will start with zero velocity if they are not specified in beads.
 # Binding the forces 
Created unix socket with address unixsocketipi
 @ForceField: Starting the polling thread main loop.
 # i-PI loaded input file:  RESTART
 --- begin input file content ---
<simulation mode='static' verbosity='medium'>
   <output prefix='phonons'>
   </output>
   <total_steps> 100000 </total_steps>
   <total_time>13600</total_time>
   <prng>
  <seed> 23653 </seed>
   </prng>
   <ffsocket mode='unix' name='MASE'>
  <address> unixsocketipi </address>
     <port> 23423 </port>
   </ffsocket>
 <system>
     <initialize nbeads='1'>
       <file mode='xyz'> optimized.xyz </file>
     </initialize>
     <forces>
       <force forcefield='MASE'> </force>
     </forces>
     <motion mode='vibrations'>
       <vibrations mode='fd'>
         <pos_shift> 0.001 </pos_shift>
         <energy_shift> 0.001 </energy_shift>
         <prefix> phonons </prefix>
         <asr> crystal </asr>
       </vibrations>
     </motion>
   </system>
 </simulation>
  ---  end input file content  ---
 @SOCKET:   Client asked for connection from . Now hand-shaking.
 @SOCKET:   Handshaking was successful. Added to the client list.
 # Average timings at MD step       0. t/step: 3.09013e+01
 # Average timings at MD step     100. t/step: 1.51095e-01
SOFTEXIT CALLED FROM THREAD <Thread(Thread-145, started daemon 23056817383168)> Dynamic matrix is calculated. Exiting simulation
 !W! Soft exit has been requested with message: 'Dynamic matrix is calculated. Exiting simulation'. Cleaning up.
 @SOCKET: Shutting down the driver interface.
Backup performed: RESTART -> #RESTART#0#
SOFTEXIT CALLED FROM THREAD <_MainThread(MainThread, started 23056967120704)>  @ SIMULATION: Exiting cleanly.
