
 ____       ____       ____       ____
/    \     /    \     /    \     /    \
|  #################################  |
\__#_/     \____/     \____/     \_#__/
   #    _        _______  _____    #
   #   (_)      |_   __ \|_   _|   #      -*-     v 2.0    -*-
   #   __  ______ | |__) | | |     #
   Y  [  ||______||  ___/  | |     #      A Universal Force Engine
  0 0  | |       _| |_    _| |_    #
   #  [___]     |_____|  |_____|   #
 __#_       ____       ____       _#__
/  # \     /    \     /    \     / #  \
|  #################################  |
\____/     \____/     \____/     \____/

    
 # @simulation: Fetchingffsocket
 # Initializing system object 
 # Initializing simulation object 
 # @simulation: Fetchingffsocket
 # Initializing system object 
 # Initializing simulation object 
 # @simulation: Fetchingffsocket
 # Initializing system object 
 # Initializing simulation object 
 # @simulation: Fetchingffsocket
 # Initializing system object 
 # Initializing simulation object 
 # @simulation: Fetchingffsocket
 # Initializing system object 
 # Initializing simulation object 
 # @simulation: Fetchingffsocket
 # Initializing system object 
 # Initializing simulation object 
 !W! Overwriting previous atomic momenta
 # Resampling velocities at temperature 100.0 kelvin
 # Binding the forces 
Created unix socket with address unixsocketipi
 @ForceField: Starting the polling thread main loop.
 # i-PI loaded input file:  RESTART
 --- begin input file content ---
<simulation verbosity='medium'>
   <output prefix='nvt'>
    <trajectory filename='pos' stride='10' format='xyz' cell_units='angstrom'> positions{angstrom} </trajectory>
    <properties filename='md' stride='50'> [step, time{picosecond}, conserved, temperature{Kelvin}, potential] </properties>
   </output>
   <total_steps> 100000 </total_steps>
   <total_time>83600</total_time>
   <prng>
  <seed> 28929 </seed>
   </prng>
   <ffsocket mode='unix' name='MASE'>
  <address> unixsocketipi </address>
     <port> 23423 </port>
   </ffsocket>
   <system>
     <initialize nbeads='1'>
       <file mode='chk'> nvt.chk </file>
       <velocities mode='thermal' units='kelvin'> 100 </velocities>
     </initialize>
     <forces>
       <force forcefield='MASE'> </force>
     </forces>
     <ensemble>
       <temperature units='kelvin'> 100 </temperature>
     </ensemble>
     <motion mode='dynamics'>
       <dynamics>
         <timestep units='femtosecond'> 1.0 </timestep>
       </dynamics>
     </motion>
   </system>
 </simulation>
  ---  end input file content  ---
 @SOCKET:   Client asked for connection from . Now hand-shaking.
 @SOCKET:   Handshaking was successful. Added to the client list.
 # Average timings at MD step       0. t/step: 7.88689e-01
 # Average timings at MD step     100. t/step: 4.71563e-01
 # Average timings at MD step     200. t/step: 3.86299e-01
 # Average timings at MD step     300. t/step: 3.86873e-01
 # Average timings at MD step     400. t/step: 3.99489e-01
 # Average timings at MD step     500. t/step: 4.07161e-01
 # Average timings at MD step     600. t/step: 4.13941e-01
 # Average timings at MD step     700. t/step: 4.16876e-01
 # Average timings at MD step     800. t/step: 3.84156e-01
 # Average timings at MD step     900. t/step: 4.31735e-01
 # Average timings at MD step    1000. t/step: 4.58013e-01
 # Average timings at MD step    1100. t/step: 4.07302e-01
 # Average timings at MD step    1200. t/step: 4.65239e-01
 # Average timings at MD step    1300. t/step: 4.56090e-01
 # Average timings at MD step    1400. t/step: 4.49147e-01
 # Average timings at MD step    1500. t/step: 4.42051e-01
 # Average timings at MD step    1600. t/step: 4.33651e-01
 # Average timings at MD step    1700. t/step: 4.59002e-01
 # Average timings at MD step    1800. t/step: 4.51608e-01
 # Average timings at MD step    1900. t/step: 4.51337e-01
 # Average timings at MD step    2000. t/step: 4.02663e-01
 # Average timings at MD step    2100. t/step: 4.49687e-01
 # Average timings at MD step    2200. t/step: 4.48341e-01
 # Average timings at MD step    2300. t/step: 4.05995e-01
 # Average timings at MD step    2400. t/step: 4.20895e-01
 # Average timings at MD step    2500. t/step: 4.25700e-01
 # Average timings at MD step    2600. t/step: 4.68752e-01
 # Average timings at MD step    2700. t/step: 4.35479e-01
 # Average timings at MD step    2800. t/step: 4.73289e-01
 # Average timings at MD step    2900. t/step: 4.10987e-01
 # Average timings at MD step    3000. t/step: 4.42289e-01
 # Average timings at MD step    3100. t/step: 4.29626e-01
 # Average timings at MD step    3200. t/step: 4.58323e-01
 # Average timings at MD step    3300. t/step: 3.96061e-01
 # Average timings at MD step    3400. t/step: 4.10124e-01
 # Average timings at MD step    3500. t/step: 4.45906e-01
 # Average timings at MD step    3600. t/step: 4.54065e-01
 # Average timings at MD step    3700. t/step: 4.41275e-01
 # Average timings at MD step    3800. t/step: 4.32115e-01
 # Average timings at MD step    3900. t/step: 4.19260e-01
 # Average timings at MD step    4000. t/step: 4.35015e-01
 # Average timings at MD step    4100. t/step: 4.54640e-01
 # Average timings at MD step    4200. t/step: 4.55195e-01
 # Average timings at MD step    4300. t/step: 4.47452e-01
 # Average timings at MD step    4400. t/step: 4.41333e-01
 # Average timings at MD step    4500. t/step: 4.65671e-01
 # Average timings at MD step    4600. t/step: 4.39678e-01
 # Average timings at MD step    4700. t/step: 4.41176e-01
 # Average timings at MD step    4800. t/step: 4.41924e-01
 # Average timings at MD step    4900. t/step: 4.49016e-01
 # Average timings at MD step    5000. t/step: 3.88530e-01
 # Average timings at MD step    5100. t/step: 3.88265e-01
 # Average timings at MD step    5200. t/step: 3.78663e-01
 # Average timings at MD step    5300. t/step: 4.14066e-01
 # Average timings at MD step    5400. t/step: 4.04286e-01
 # Average timings at MD step    5500. t/step: 4.02686e-01
 # Average timings at MD step    5600. t/step: 4.01054e-01
 # Average timings at MD step    5700. t/step: 4.17426e-01
 # Average timings at MD step    5800. t/step: 3.92727e-01
 # Average timings at MD step    5900. t/step: 3.97162e-01
 # Average timings at MD step    6000. t/step: 4.22957e-01
 # Average timings at MD step    6100. t/step: 4.13261e-01
 # Average timings at MD step    6200. t/step: 4.16334e-01
 # Average timings at MD step    6300. t/step: 4.09478e-01
 # Average timings at MD step    6400. t/step: 4.03370e-01
 # Average timings at MD step    6500. t/step: 4.09224e-01
 # Average timings at MD step    6600. t/step: 4.27141e-01
 # Average timings at MD step    6700. t/step: 4.27431e-01
 # Average timings at MD step    6800. t/step: 4.35235e-01
 # Average timings at MD step    6900. t/step: 4.45569e-01
 # Average timings at MD step    7000. t/step: 4.42490e-01
 # Average timings at MD step    7100. t/step: 4.08080e-01
 # Average timings at MD step    7200. t/step: 4.41017e-01
 # Average timings at MD step    7300. t/step: 4.13133e-01
 # Average timings at MD step    7400. t/step: 4.22437e-01
 # Average timings at MD step    7500. t/step: 4.43864e-01
 # Average timings at MD step    7600. t/step: 4.18113e-01
 # Average timings at MD step    7700. t/step: 3.98907e-01
 # Average timings at MD step    7800. t/step: 4.25829e-01
 # Average timings at MD step    7900. t/step: 4.03982e-01
 # Average timings at MD step    8000. t/step: 4.60567e-01
 # Average timings at MD step    8100. t/step: 4.38173e-01
 # Average timings at MD step    8200. t/step: 4.23075e-01
 # Average timings at MD step    8300. t/step: 4.41019e-01
 # Average timings at MD step    8400. t/step: 4.35246e-01
 # Average timings at MD step    8500. t/step: 4.55927e-01
 # Average timings at MD step    8600. t/step: 4.50733e-01
 # Average timings at MD step    8700. t/step: 3.92128e-01
 # Average timings at MD step    8800. t/step: 4.16412e-01
 # Average timings at MD step    8900. t/step: 4.00971e-01
 # Average timings at MD step    9000. t/step: 4.03240e-01
 # Average timings at MD step    9100. t/step: 4.05310e-01
 # Average timings at MD step    9200. t/step: 4.50367e-01
 # Average timings at MD step    9300. t/step: 4.25627e-01
 # Average timings at MD step    9400. t/step: 3.98136e-01
 # Average timings at MD step    9500. t/step: 3.98170e-01
 # Average timings at MD step    9600. t/step: 4.28693e-01
 # Average timings at MD step    9700. t/step: 4.36009e-01
 # Average timings at MD step    9800. t/step: 4.14204e-01
 # Average timings at MD step    9900. t/step: 3.92840e-01
 # Average timings at MD step   10000. t/step: 4.10447e-01
 # Average timings at MD step   10100. t/step: 4.03997e-01
 # Average timings at MD step   10200. t/step: 4.63270e-01
 # Average timings at MD step   10300. t/step: 4.50129e-01
 # Average timings at MD step   10400. t/step: 4.31240e-01
 # Average timings at MD step   10500. t/step: 4.62834e-01
 # Average timings at MD step   10600. t/step: 4.54402e-01
 # Average timings at MD step   10700. t/step: 4.66806e-01
 # Average timings at MD step   10800. t/step: 4.52366e-01
 # Average timings at MD step   10900. t/step: 4.03663e-01
 # Average timings at MD step   11000. t/step: 4.64045e-01
 # Average timings at MD step   11100. t/step: 4.08396e-01
 # Average timings at MD step   11200. t/step: 4.04916e-01
 # Average timings at MD step   11300. t/step: 4.04904e-01
 # Average timings at MD step   11400. t/step: 4.16284e-01
 # Average timings at MD step   11500. t/step: 4.54617e-01
 # Average timings at MD step   11600. t/step: 4.59919e-01
 # Average timings at MD step   11700. t/step: 4.60107e-01
 # Average timings at MD step   11800. t/step: 4.21748e-01
 # Average timings at MD step   11900. t/step: 4.00757e-01
 # Average timings at MD step   12000. t/step: 3.88367e-01
 # Average timings at MD step   12100. t/step: 4.59927e-01
 # Average timings at MD step   12200. t/step: 4.53799e-01
 # Average timings at MD step   12300. t/step: 4.40497e-01
 # Average timings at MD step   12400. t/step: 4.22260e-01
 # Average timings at MD step   12500. t/step: 4.24613e-01
 # Average timings at MD step   12600. t/step: 4.42181e-01
 # Average timings at MD step   12700. t/step: 4.10714e-01
 # Average timings at MD step   12800. t/step: 4.69257e-01
 # Average timings at MD step   12900. t/step: 4.06803e-01
 # Average timings at MD step   13000. t/step: 3.99540e-01
 # Average timings at MD step   13100. t/step: 3.86792e-01
 # Average timings at MD step   13200. t/step: 3.95796e-01
 # Average timings at MD step   13300. t/step: 4.66247e-01
 # Average timings at MD step   13400. t/step: 4.35102e-01
 # Average timings at MD step   13500. t/step: 4.26433e-01
 # Average timings at MD step   13600. t/step: 4.63064e-01
 # Average timings at MD step   13700. t/step: 4.23646e-01
 # Average timings at MD step   13800. t/step: 4.13408e-01
 # Average timings at MD step   13900. t/step: 4.44742e-01
 # Average timings at MD step   14000. t/step: 4.31563e-01
 # Average timings at MD step   14100. t/step: 4.33652e-01
 # Average timings at MD step   14200. t/step: 4.42003e-01
 # Average timings at MD step   14300. t/step: 3.96285e-01
 # Average timings at MD step   14400. t/step: 4.31742e-01
 # Average timings at MD step   14500. t/step: 4.32782e-01
 # Average timings at MD step   14600. t/step: 4.26637e-01
 # Average timings at MD step   14700. t/step: 4.43394e-01
 # Average timings at MD step   14800. t/step: 4.46780e-01
 # Average timings at MD step   14900. t/step: 3.89160e-01
 # Average timings at MD step   15000. t/step: 4.06950e-01
 # Average timings at MD step   15100. t/step: 4.01950e-01
 # Average timings at MD step   15200. t/step: 4.07573e-01
 # Average timings at MD step   15300. t/step: 4.07660e-01
 # Average timings at MD step   15400. t/step: 4.39032e-01
 # Average timings at MD step   15500. t/step: 3.83033e-01
 # Average timings at MD step   15600. t/step: 4.44509e-01
 # Average timings at MD step   15700. t/step: 4.18852e-01
 # Average timings at MD step   15800. t/step: 4.83875e-01
 # Average timings at MD step   15900. t/step: 4.53795e-01
 # Average timings at MD step   16000. t/step: 4.15928e-01
 # Average timings at MD step   16100. t/step: 4.39450e-01
 # Average timings at MD step   16200. t/step: 4.74615e-01
 # Average timings at MD step   16300. t/step: 4.00024e-01
 # Average timings at MD step   16400. t/step: 4.08141e-01
 # Average timings at MD step   16500. t/step: 4.39196e-01
 # Average timings at MD step   16600. t/step: 4.47140e-01
 # Average timings at MD step   16700. t/step: 4.14662e-01
 # Average timings at MD step   16800. t/step: 4.04737e-01
 # Average timings at MD step   16900. t/step: 4.59940e-01
 # Average timings at MD step   17000. t/step: 4.59898e-01
 # Average timings at MD step   17100. t/step: 4.22851e-01
 # Average timings at MD step   17200. t/step: 3.89287e-01
 # Average timings at MD step   17300. t/step: 4.41900e-01
 # Average timings at MD step   17400. t/step: 4.62297e-01
 # Average timings at MD step   17500. t/step: 4.51366e-01
 # Average timings at MD step   17600. t/step: 4.46401e-01
 # Average timings at MD step   17700. t/step: 4.30707e-01
 # Average timings at MD step   17800. t/step: 4.27322e-01
 # Average timings at MD step   17900. t/step: 4.06963e-01
 # Average timings at MD step   18000. t/step: 4.11183e-01
 # Average timings at MD step   18100. t/step: 4.10474e-01
 # Average timings at MD step   18200. t/step: 4.15230e-01
 # Average timings at MD step   18300. t/step: 3.93787e-01
 # Average timings at MD step   18400. t/step: 4.05212e-01
 # Average timings at MD step   18500. t/step: 4.01481e-01
 # Average timings at MD step   18600. t/step: 4.28007e-01
 # Average timings at MD step   18700. t/step: 4.02842e-01
 # Average timings at MD step   18800. t/step: 4.14730e-01
 # Average timings at MD step   18900. t/step: 4.27921e-01
 # Average timings at MD step   19000. t/step: 4.08727e-01
 # Average timings at MD step   19100. t/step: 4.80454e-01
 # Average timings at MD step   19200. t/step: 4.30691e-01
 # Average timings at MD step   19300. t/step: 4.40683e-01
 # Average timings at MD step   19400. t/step: 4.19650e-01
 # Average timings at MD step   19500. t/step: 4.34715e-01
 # Average timings at MD step   19600. t/step: 4.47359e-01
 # Average timings at MD step   19700. t/step: 4.06318e-01
 # Average timings at MD step   19800. t/step: 4.47239e-01
 # Average timings at MD step   19900. t/step: 4.36542e-01
 # Average timings at MD step   20000. t/step: 4.61042e-01
 # Average timings at MD step   20100. t/step: 4.44928e-01
 # Average timings at MD step   20200. t/step: 3.95079e-01
 # Average timings at MD step   20300. t/step: 4.07818e-01
 # Average timings at MD step   20400. t/step: 3.90369e-01
 # Average timings at MD step   20500. t/step: 4.05046e-01
 # Average timings at MD step   20600. t/step: 3.93522e-01
 # Average timings at MD step   20700. t/step: 4.02454e-01
 # Average timings at MD step   20800. t/step: 3.97493e-01
 # Average timings at MD step   20900. t/step: 4.13950e-01
 # Average timings at MD step   21000. t/step: 4.51363e-01
 # Average timings at MD step   21100. t/step: 4.31337e-01
 # Average timings at MD step   21200. t/step: 4.25931e-01
 # Average timings at MD step   21300. t/step: 4.39569e-01
 # Average timings at MD step   21400. t/step: 4.02595e-01
 # Average timings at MD step   21500. t/step: 4.51321e-01
 # Average timings at MD step   21600. t/step: 4.19059e-01
 # Average timings at MD step   21700. t/step: 4.68313e-01
 # Average timings at MD step   21800. t/step: 4.05436e-01
 # Average timings at MD step   21900. t/step: 4.57198e-01
 # Average timings at MD step   22000. t/step: 4.25852e-01
 # Average timings at MD step   22100. t/step: 3.97571e-01
 # Average timings at MD step   22200. t/step: 4.24919e-01
 # Average timings at MD step   22300. t/step: 3.97767e-01
 # Average timings at MD step   22400. t/step: 4.36695e-01
 # Average timings at MD step   22500. t/step: 4.67410e-01
 # Average timings at MD step   22600. t/step: 4.52365e-01
 # Average timings at MD step   22700. t/step: 4.37627e-01
 # Average timings at MD step   22800. t/step: 4.31283e-01
 # Average timings at MD step   22900. t/step: 4.21717e-01
 # Average timings at MD step   23000. t/step: 4.00014e-01
 # Average timings at MD step   23100. t/step: 4.25609e-01
 # Average timings at MD step   23200. t/step: 3.96891e-01
 # Average timings at MD step   23300. t/step: 4.68127e-01
 # Average timings at MD step   23400. t/step: 4.41036e-01
 # Average timings at MD step   23500. t/step: 4.13463e-01
 # Average timings at MD step   23600. t/step: 4.03000e-01
 # Average timings at MD step   23700. t/step: 4.43325e-01
 # Average timings at MD step   23800. t/step: 4.06414e-01
 # Average timings at MD step   23900. t/step: 4.52081e-01
 # Average timings at MD step   24000. t/step: 4.26782e-01
 # Average timings at MD step   24100. t/step: 4.44011e-01
 # Average timings at MD step   24200. t/step: 4.40589e-01
 # Average timings at MD step   24300. t/step: 3.99555e-01
 # Average timings at MD step   24400. t/step: 4.32185e-01
 # Average timings at MD step   24500. t/step: 4.10298e-01
 # Average timings at MD step   24600. t/step: 4.03012e-01
 # Average timings at MD step   24700. t/step: 4.57121e-01
 # Average timings at MD step   24800. t/step: 4.20785e-01
 # Average timings at MD step   24900. t/step: 4.42620e-01
 # Average timings at MD step   25000. t/step: 4.42540e-01
 # Average timings at MD step   25100. t/step: 4.52970e-01
 # Average timings at MD step   25200. t/step: 4.55956e-01
 # Average timings at MD step   25300. t/step: 4.66178e-01
 # Average timings at MD step   25400. t/step: 4.42419e-01
 # Average timings at MD step   25500. t/step: 4.25327e-01
 # Average timings at MD step   25600. t/step: 3.95903e-01
 # Average timings at MD step   25700. t/step: 3.92513e-01
 # Average timings at MD step   25800. t/step: 3.97000e-01
 # Average timings at MD step   25900. t/step: 4.41763e-01
 # Average timings at MD step   26000. t/step: 4.19920e-01
 # Average timings at MD step   26100. t/step: 4.08861e-01
 # Average timings at MD step   26200. t/step: 4.34852e-01
 # Average timings at MD step   26300. t/step: 4.43904e-01
 # Average timings at MD step   26400. t/step: 4.28675e-01
 # Average timings at MD step   26500. t/step: 4.50475e-01
 # Average timings at MD step   26600. t/step: 4.02745e-01
 # Average timings at MD step   26700. t/step: 3.97672e-01
 # Average timings at MD step   26800. t/step: 4.31277e-01
 # Average timings at MD step   26900. t/step: 4.59272e-01
 # Average timings at MD step   27000. t/step: 4.45075e-01
 # Average timings at MD step   27100. t/step: 4.13452e-01
 # Average timings at MD step   27200. t/step: 4.31685e-01
 # Average timings at MD step   27300. t/step: 4.52685e-01
 # Average timings at MD step   27400. t/step: 4.41945e-01
 # Average timings at MD step   27500. t/step: 4.22209e-01
 # Average timings at MD step   27600. t/step: 4.75386e-01
 # Average timings at MD step   27700. t/step: 4.36021e-01
 # Average timings at MD step   27800. t/step: 4.29995e-01
 # Average timings at MD step   27900. t/step: 4.66110e-01
 # Average timings at MD step   28000. t/step: 4.41720e-01
 # Average timings at MD step   28100. t/step: 4.26069e-01
 # Average timings at MD step   28200. t/step: 4.12005e-01
 # Average timings at MD step   28300. t/step: 4.21400e-01
 # Average timings at MD step   28400. t/step: 4.79822e-01
 # Average timings at MD step   28500. t/step: 4.51972e-01
 # Average timings at MD step   28600. t/step: 4.87541e-01
 # Average timings at MD step   28700. t/step: 4.64719e-01
 # Average timings at MD step   28800. t/step: 4.49416e-01
 # Average timings at MD step   28900. t/step: 4.35884e-01
 # Average timings at MD step   29000. t/step: 4.49135e-01
 # Average timings at MD step   29100. t/step: 4.66702e-01
 # Average timings at MD step   29200. t/step: 4.45694e-01
 # Average timings at MD step   29300. t/step: 4.52108e-01
 # Average timings at MD step   29400. t/step: 4.44090e-01
 # Average timings at MD step   29500. t/step: 4.41422e-01
 # Average timings at MD step   29600. t/step: 4.16055e-01
 # Average timings at MD step   29700. t/step: 4.24813e-01
 # Average timings at MD step   29800. t/step: 4.38676e-01
 # Average timings at MD step   29900. t/step: 4.48663e-01
 # Average timings at MD step   30000. t/step: 4.48143e-01
 # Average timings at MD step   30100. t/step: 4.48530e-01
 # Average timings at MD step   30200. t/step: 4.20299e-01
 # Average timings at MD step   30300. t/step: 4.56492e-01
 # Average timings at MD step   30400. t/step: 4.62180e-01
 # Average timings at MD step   30500. t/step: 4.45670e-01
 # Average timings at MD step   30600. t/step: 4.24622e-01
 # Average timings at MD step   30700. t/step: 4.30516e-01
 # Average timings at MD step   30800. t/step: 4.75357e-01
 # Average timings at MD step   30900. t/step: 4.21400e-01
 # Average timings at MD step   31000. t/step: 4.59909e-01
 # Average timings at MD step   31100. t/step: 4.16349e-01
 # Average timings at MD step   31200. t/step: 4.45845e-01
 # Average timings at MD step   31300. t/step: 4.26911e-01
 # Average timings at MD step   31400. t/step: 4.34366e-01
 # Average timings at MD step   31500. t/step: 4.07466e-01
 # Average timings at MD step   31600. t/step: 4.19456e-01
 # Average timings at MD step   31700. t/step: 4.65939e-01
 # Average timings at MD step   31800. t/step: 4.86147e-01
 # Average timings at MD step   31900. t/step: 4.55171e-01
 # Average timings at MD step   32000. t/step: 4.31113e-01
 # Average timings at MD step   32100. t/step: 4.44092e-01
 # Average timings at MD step   32200. t/step: 4.37974e-01
 # Average timings at MD step   32300. t/step: 4.38943e-01
 # Average timings at MD step   32400. t/step: 4.26805e-01
 # Average timings at MD step   32500. t/step: 4.53045e-01
 # Average timings at MD step   32600. t/step: 4.24264e-01
 # Average timings at MD step   32700. t/step: 4.75399e-01
 # Average timings at MD step   32800. t/step: 4.58597e-01
 # Average timings at MD step   32900. t/step: 4.42978e-01
 # Average timings at MD step   33000. t/step: 4.42370e-01
 # Average timings at MD step   33100. t/step: 4.17892e-01
 # Average timings at MD step   33200. t/step: 4.16823e-01
 # Average timings at MD step   33300. t/step: 4.47650e-01
 # Average timings at MD step   33400. t/step: 4.31552e-01
 # Average timings at MD step   33500. t/step: 4.53675e-01
 # Average timings at MD step   33600. t/step: 4.52010e-01
 # Average timings at MD step   33700. t/step: 4.42130e-01
 # Average timings at MD step   33800. t/step: 4.62006e-01
 # Average timings at MD step   33900. t/step: 4.16573e-01
 # Average timings at MD step   34000. t/step: 4.52741e-01
 # Average timings at MD step   34100. t/step: 4.66218e-01
 # Average timings at MD step   34200. t/step: 4.44874e-01
 # Average timings at MD step   34300. t/step: 4.22336e-01
 # Average timings at MD step   34400. t/step: 4.62861e-01
 # Average timings at MD step   34500. t/step: 4.45965e-01
 # Average timings at MD step   34600. t/step: 4.73006e-01
 # Average timings at MD step   34700. t/step: 4.34298e-01
 # Average timings at MD step   34800. t/step: 4.45995e-01
 # Average timings at MD step   34900. t/step: 4.40981e-01
 # Average timings at MD step   35000. t/step: 4.63832e-01
 # Average timings at MD step   35100. t/step: 4.67792e-01
 # Average timings at MD step   35200. t/step: 4.47836e-01
 # Average timings at MD step   35300. t/step: 4.50229e-01
 # Average timings at MD step   35400. t/step: 4.40676e-01
 # Average timings at MD step   35500. t/step: 4.49564e-01
 # Average timings at MD step   35600. t/step: 4.17762e-01
 # Average timings at MD step   35700. t/step: 3.96434e-01
 # Average timings at MD step   35800. t/step: 4.41183e-01
 # Average timings at MD step   35900. t/step: 4.44277e-01
 # Average timings at MD step   36000. t/step: 4.18410e-01
 # Average timings at MD step   36100. t/step: 4.19442e-01
 # Average timings at MD step   36200. t/step: 4.61538e-01
 # Average timings at MD step   36300. t/step: 4.58963e-01
 # Average timings at MD step   36400. t/step: 4.01899e-01
 # Average timings at MD step   36500. t/step: 4.01367e-01
 # Average timings at MD step   36600. t/step: 4.57095e-01
 # Average timings at MD step   36700. t/step: 4.78925e-01
 # Average timings at MD step   36800. t/step: 4.68079e-01
 # Average timings at MD step   36900. t/step: 4.46396e-01
 # Average timings at MD step   37000. t/step: 4.20054e-01
 # Average timings at MD step   37100. t/step: 4.49376e-01
 # Average timings at MD step   37200. t/step: 4.19105e-01
 # Average timings at MD step   37300. t/step: 4.38219e-01
 # Average timings at MD step   37400. t/step: 4.49345e-01
 # Average timings at MD step   37500. t/step: 4.13971e-01
 # Average timings at MD step   37600. t/step: 4.50736e-01
 # Average timings at MD step   37700. t/step: 4.34126e-01
 # Average timings at MD step   37800. t/step: 4.75140e-01
 # Average timings at MD step   37900. t/step: 4.34505e-01
 # Average timings at MD step   38000. t/step: 4.31636e-01
 # Average timings at MD step   38100. t/step: 4.31429e-01
 # Average timings at MD step   38200. t/step: 4.59302e-01
 # Average timings at MD step   38300. t/step: 4.14809e-01
 # Average timings at MD step   38400. t/step: 4.18774e-01
 # Average timings at MD step   38500. t/step: 4.14707e-01
 # Average timings at MD step   38600. t/step: 4.27284e-01
 # Average timings at MD step   38700. t/step: 4.72207e-01
 # Average timings at MD step   38800. t/step: 4.34859e-01
 # Average timings at MD step   38900. t/step: 4.57551e-01
 # Average timings at MD step   39000. t/step: 4.75559e-01
 # Average timings at MD step   39100. t/step: 4.48776e-01
 # Average timings at MD step   39200. t/step: 4.30258e-01
 # Average timings at MD step   39300. t/step: 4.65512e-01
 # Average timings at MD step   39400. t/step: 4.18884e-01
 # Average timings at MD step   39500. t/step: 4.59647e-01
 # Average timings at MD step   39600. t/step: 4.21492e-01
 # Average timings at MD step   39700. t/step: 4.13774e-01
 # Average timings at MD step   39800. t/step: 4.41667e-01
 # Average timings at MD step   39900. t/step: 4.64898e-01
 # Average timings at MD step   40000. t/step: 4.47364e-01
 # Average timings at MD step   40100. t/step: 4.26566e-01
 # Average timings at MD step   40200. t/step: 4.63045e-01
 # Average timings at MD step   40300. t/step: 4.63968e-01
 # Average timings at MD step   40400. t/step: 4.10557e-01
 # Average timings at MD step   40500. t/step: 4.67715e-01
 # Average timings at MD step   40600. t/step: 4.75562e-01
 # Average timings at MD step   40700. t/step: 4.38762e-01
 # Average timings at MD step   40800. t/step: 4.45067e-01
 # Average timings at MD step   40900. t/step: 4.41706e-01
 # Average timings at MD step   41000. t/step: 4.45731e-01
 # Average timings at MD step   41100. t/step: 4.48974e-01
 # Average timings at MD step   41200. t/step: 4.27347e-01
 # Average timings at MD step   41300. t/step: 4.26846e-01
 # Average timings at MD step   41400. t/step: 4.43646e-01
 # Average timings at MD step   41500. t/step: 4.64157e-01
 # Average timings at MD step   41600. t/step: 4.31598e-01
 # Average timings at MD step   41700. t/step: 4.27142e-01
 # Average timings at MD step   41800. t/step: 4.30852e-01
 # Average timings at MD step   41900. t/step: 4.74967e-01
 # Average timings at MD step   42000. t/step: 4.23767e-01
 # Average timings at MD step   42100. t/step: 4.65357e-01
 # Average timings at MD step   42200. t/step: 4.51820e-01
 # Average timings at MD step   42300. t/step: 4.56250e-01
 # Average timings at MD step   42400. t/step: 4.54625e-01
 # Average timings at MD step   42500. t/step: 4.51412e-01
 # Average timings at MD step   42600. t/step: 4.75168e-01
 # Average timings at MD step   42700. t/step: 4.83778e-01
 # Average timings at MD step   42800. t/step: 4.57304e-01
 # Average timings at MD step   42900. t/step: 4.37216e-01
 # Average timings at MD step   43000. t/step: 4.68902e-01
 # Average timings at MD step   43100. t/step: 4.30587e-01
 # Average timings at MD step   43200. t/step: 4.53217e-01
 # Average timings at MD step   43300. t/step: 4.72438e-01
 # Average timings at MD step   43400. t/step: 4.52254e-01
 # Average timings at MD step   43500. t/step: 4.31177e-01
 # Average timings at MD step   43600. t/step: 4.49209e-01
 # Average timings at MD step   43700. t/step: 4.72139e-01
 # Average timings at MD step   43800. t/step: 4.78038e-01
 # Average timings at MD step   43900. t/step: 4.50609e-01
 # Average timings at MD step   44000. t/step: 4.37488e-01
 # Average timings at MD step   44100. t/step: 4.62475e-01
 # Average timings at MD step   44200. t/step: 4.22679e-01
 # Average timings at MD step   44300. t/step: 4.79041e-01
 # Average timings at MD step   44400. t/step: 4.49633e-01
 # Average timings at MD step   44500. t/step: 4.52479e-01
 # Average timings at MD step   44600. t/step: 4.70943e-01
 # Average timings at MD step   44700. t/step: 4.31633e-01
 # Average timings at MD step   44800. t/step: 4.41501e-01
 # Average timings at MD step   44900. t/step: 4.59875e-01
 # Average timings at MD step   45000. t/step: 4.51670e-01
 # Average timings at MD step   45100. t/step: 4.61476e-01
 # Average timings at MD step   45200. t/step: 4.18007e-01
 # Average timings at MD step   45300. t/step: 4.59948e-01
 # Average timings at MD step   45400. t/step: 4.17191e-01
 # Average timings at MD step   45500. t/step: 4.00970e-01
 # Average timings at MD step   45600. t/step: 4.14857e-01
 # Average timings at MD step   45700. t/step: 4.69491e-01
 # Average timings at MD step   45800. t/step: 4.50785e-01
 # Average timings at MD step   45900. t/step: 4.52675e-01
 # Average timings at MD step   46000. t/step: 4.41062e-01
 # Average timings at MD step   46100. t/step: 4.41052e-01
 # Average timings at MD step   46200. t/step: 4.71966e-01
 # Average timings at MD step   46300. t/step: 4.41722e-01
 # Average timings at MD step   46400. t/step: 4.30191e-01
 # Average timings at MD step   46500. t/step: 4.76834e-01
 # Average timings at MD step   46600. t/step: 4.23472e-01
 # Average timings at MD step   46700. t/step: 4.57306e-01
 # Average timings at MD step   46800. t/step: 4.14116e-01
 # Average timings at MD step   46900. t/step: 4.67289e-01
 # Average timings at MD step   47000. t/step: 4.74473e-01
 # Average timings at MD step   47100. t/step: 4.50624e-01
 # Average timings at MD step   47200. t/step: 4.42470e-01
 # Average timings at MD step   47300. t/step: 4.76932e-01
 # Average timings at MD step   47400. t/step: 4.48154e-01
 # Average timings at MD step   47500. t/step: 4.85528e-01
 # Average timings at MD step   47600. t/step: 4.56296e-01
 # Average timings at MD step   47700. t/step: 4.15152e-01
 # Average timings at MD step   47800. t/step: 4.80158e-01
 # Average timings at MD step   47900. t/step: 4.73906e-01
 # Average timings at MD step   48000. t/step: 4.50209e-01
 # Average timings at MD step   48100. t/step: 4.51517e-01
 # Average timings at MD step   48200. t/step: 4.44244e-01
 # Average timings at MD step   48300. t/step: 4.06583e-01
 # Average timings at MD step   48400. t/step: 4.22300e-01
 # Average timings at MD step   48500. t/step: 4.54369e-01
 # Average timings at MD step   48600. t/step: 4.31028e-01
 # Average timings at MD step   48700. t/step: 4.33927e-01
 # Average timings at MD step   48800. t/step: 4.39453e-01
 # Average timings at MD step   48900. t/step: 4.65960e-01
 # Average timings at MD step   49000. t/step: 4.59977e-01
 # Average timings at MD step   49100. t/step: 4.52651e-01
 # Average timings at MD step   49200. t/step: 4.51650e-01
 # Average timings at MD step   49300. t/step: 4.54468e-01
 # Average timings at MD step   49400. t/step: 4.51875e-01
 # Average timings at MD step   49500. t/step: 4.48792e-01
 # Average timings at MD step   49600. t/step: 4.22342e-01
 # Average timings at MD step   49700. t/step: 4.75682e-01
 # Average timings at MD step   49800. t/step: 4.46299e-01
 # Average timings at MD step   49900. t/step: 4.32430e-01
 # Average timings at MD step   50000. t/step: 4.66440e-01
 # Average timings at MD step   50100. t/step: 4.30617e-01
 # Average timings at MD step   50200. t/step: 4.77402e-01
 # Average timings at MD step   50300. t/step: 4.09002e-01
 # Average timings at MD step   50400. t/step: 4.79182e-01
 # Average timings at MD step   50500. t/step: 4.37492e-01
 # Average timings at MD step   50600. t/step: 4.35437e-01
 # Average timings at MD step   50700. t/step: 4.35051e-01
 # Average timings at MD step   50800. t/step: 4.04373e-01
 # Average timings at MD step   50900. t/step: 4.72943e-01
 # Average timings at MD step   51000. t/step: 4.78482e-01
 # Average timings at MD step   51100. t/step: 4.54024e-01
 # Average timings at MD step   51200. t/step: 4.65734e-01
 # Average timings at MD step   51300. t/step: 4.58753e-01
 # Average timings at MD step   51400. t/step: 4.39739e-01
 # Average timings at MD step   51500. t/step: 4.28094e-01
 # Average timings at MD step   51600. t/step: 4.34528e-01
 # Average timings at MD step   51700. t/step: 4.45336e-01
 # Average timings at MD step   51800. t/step: 4.79747e-01
 # Average timings at MD step   51900. t/step: 4.57766e-01
 # Average timings at MD step   52000. t/step: 4.11853e-01
 # Average timings at MD step   52100. t/step: 4.53798e-01
 # Average timings at MD step   52200. t/step: 4.39001e-01
 # Average timings at MD step   52300. t/step: 4.58515e-01
 # Average timings at MD step   52400. t/step: 4.58863e-01
 # Average timings at MD step   52500. t/step: 4.55497e-01
 # Average timings at MD step   52600. t/step: 4.28376e-01
 # Average timings at MD step   52700. t/step: 4.40655e-01
 # Average timings at MD step   52800. t/step: 4.37611e-01
 # Average timings at MD step   52900. t/step: 4.39944e-01
 # Average timings at MD step   53000. t/step: 4.35540e-01
 # Average timings at MD step   53100. t/step: 4.48240e-01
 # Average timings at MD step   53200. t/step: 4.38905e-01
 # Average timings at MD step   53300. t/step: 4.39624e-01
 # Average timings at MD step   53400. t/step: 4.77107e-01
 # Average timings at MD step   53500. t/step: 4.37536e-01
 # Average timings at MD step   53600. t/step: 4.32983e-01
 # Average timings at MD step   53700. t/step: 4.75689e-01
 # Average timings at MD step   53800. t/step: 4.44810e-01
 # Average timings at MD step   53900. t/step: 4.62421e-01
 # Average timings at MD step   54000. t/step: 4.42145e-01
 # Average timings at MD step   54100. t/step: 4.25049e-01
 # Average timings at MD step   54200. t/step: 4.33135e-01
 # Average timings at MD step   54300. t/step: 4.49070e-01
 # Average timings at MD step   54400. t/step: 4.15879e-01
 # Average timings at MD step   54500. t/step: 4.61007e-01
 # Average timings at MD step   54600. t/step: 4.60371e-01
 # Average timings at MD step   54700. t/step: 4.37982e-01
 # Average timings at MD step   54800. t/step: 4.38192e-01
 # Average timings at MD step   54900. t/step: 4.35441e-01
 # Average timings at MD step   55000. t/step: 4.19933e-01
 # Average timings at MD step   55100. t/step: 4.33880e-01
 # Average timings at MD step   55200. t/step: 4.12689e-01
 # Average timings at MD step   55300. t/step: 4.83028e-01
 # Average timings at MD step   55400. t/step: 4.64754e-01
 # Average timings at MD step   55500. t/step: 4.39162e-01
 # Average timings at MD step   55600. t/step: 4.39542e-01
 # Average timings at MD step   55700. t/step: 4.34388e-01
 # Average timings at MD step   55800. t/step: 4.20115e-01
 # Average timings at MD step   55900. t/step: 4.03273e-01
 # Average timings at MD step   56000. t/step: 3.98748e-01
 # Average timings at MD step   56100. t/step: 4.00441e-01
 # Average timings at MD step   56200. t/step: 3.92109e-01
 # Average timings at MD step   56300. t/step: 3.77253e-01
 # Average timings at MD step   56400. t/step: 3.88837e-01
 # Average timings at MD step   56500. t/step: 3.94857e-01
 # Average timings at MD step   56600. t/step: 4.08297e-01
 # Average timings at MD step   56700. t/step: 4.11159e-01
 # Average timings at MD step   56800. t/step: 4.04462e-01
 # Average timings at MD step   56900. t/step: 4.26306e-01
 # Average timings at MD step   57000. t/step: 4.54078e-01
 # Average timings at MD step   57100. t/step: 4.35621e-01
 # Average timings at MD step   57200. t/step: 4.29181e-01
 # Average timings at MD step   57300. t/step: 4.44445e-01
 # Average timings at MD step   57400. t/step: 4.11250e-01
 # Average timings at MD step   57500. t/step: 4.50924e-01
 # Average timings at MD step   57600. t/step: 4.21638e-01
 # Average timings at MD step   57700. t/step: 4.60606e-01
 # Average timings at MD step   57800. t/step: 4.18420e-01
 # Average timings at MD step   57900. t/step: 4.56995e-01
 # Average timings at MD step   58000. t/step: 4.09646e-01
 # Average timings at MD step   58100. t/step: 4.55821e-01
 # Average timings at MD step   58200. t/step: 4.86253e-01
 # Average timings at MD step   58300. t/step: 4.86233e-01
 # Average timings at MD step   58400. t/step: 4.68019e-01
 # Average timings at MD step   58500. t/step: 4.41880e-01
 # Average timings at MD step   58600. t/step: 4.50602e-01
 # Average timings at MD step   58700. t/step: 4.50068e-01
 # Average timings at MD step   58800. t/step: 4.70304e-01
 # Average timings at MD step   58900. t/step: 4.39337e-01
 # Average timings at MD step   59000. t/step: 4.40091e-01
 # Average timings at MD step   59100. t/step: 4.49929e-01
 # Average timings at MD step   59200. t/step: 4.51087e-01
 # Average timings at MD step   59300. t/step: 4.53984e-01
 # Average timings at MD step   59400. t/step: 4.49235e-01
 # Average timings at MD step   59500. t/step: 4.43825e-01
 # Average timings at MD step   59600. t/step: 4.45403e-01
 # Average timings at MD step   59700. t/step: 4.57190e-01
 # Average timings at MD step   59800. t/step: 4.67196e-01
 # Average timings at MD step   59900. t/step: 4.56978e-01
 # Average timings at MD step   60000. t/step: 4.78799e-01
 # Average timings at MD step   60100. t/step: 4.43921e-01
 # Average timings at MD step   60200. t/step: 4.65122e-01
 # Average timings at MD step   60300. t/step: 4.61545e-01
 # Average timings at MD step   60400. t/step: 4.65406e-01
 # Average timings at MD step   60500. t/step: 4.54153e-01
 # Average timings at MD step   60600. t/step: 4.50022e-01
 # Average timings at MD step   60700. t/step: 4.70001e-01
 # Average timings at MD step   60800. t/step: 4.49671e-01
 # Average timings at MD step   60900. t/step: 4.71422e-01
 # Average timings at MD step   61000. t/step: 4.57843e-01
 # Average timings at MD step   61100. t/step: 4.55387e-01
 # Average timings at MD step   61200. t/step: 4.44036e-01
 # Average timings at MD step   61300. t/step: 4.63596e-01
 # Average timings at MD step   61400. t/step: 4.69778e-01
 # Average timings at MD step   61500. t/step: 4.67355e-01
 # Average timings at MD step   61600. t/step: 4.49381e-01
 # Average timings at MD step   61700. t/step: 4.06376e-01
 # Average timings at MD step   61800. t/step: 4.69546e-01
 # Average timings at MD step   61900. t/step: 4.63087e-01
 # Average timings at MD step   62000. t/step: 4.64189e-01
 # Average timings at MD step   62100. t/step: 4.76285e-01
 # Average timings at MD step   62200. t/step: 4.51004e-01
 # Average timings at MD step   62300. t/step: 4.52178e-01
 # Average timings at MD step   62400. t/step: 4.28146e-01
 # Average timings at MD step   62500. t/step: 4.47598e-01
 # Average timings at MD step   62600. t/step: 4.19989e-01
 # Average timings at MD step   62700. t/step: 4.28390e-01
 # Average timings at MD step   62800. t/step: 4.55377e-01
 # Average timings at MD step   62900. t/step: 4.62852e-01
 # Average timings at MD step   63000. t/step: 4.07389e-01
 # Average timings at MD step   63100. t/step: 4.55234e-01
 # Average timings at MD step   63200. t/step: 4.43226e-01
 # Average timings at MD step   63300. t/step: 4.53590e-01
 # Average timings at MD step   63400. t/step: 4.57042e-01
 # Average timings at MD step   63500. t/step: 4.48089e-01
 # Average timings at MD step   63600. t/step: 4.59162e-01
 # Average timings at MD step   63700. t/step: 4.78279e-01
 # Average timings at MD step   63800. t/step: 4.11013e-01
 # Average timings at MD step   63900. t/step: 4.22633e-01
 # Average timings at MD step   64000. t/step: 4.68670e-01
 # Average timings at MD step   64100. t/step: 4.84132e-01
 # Average timings at MD step   64200. t/step: 4.84068e-01
 # Average timings at MD step   64300. t/step: 4.58282e-01
 # Average timings at MD step   64400. t/step: 4.55681e-01
 # Average timings at MD step   64500. t/step: 4.16772e-01
 # Average timings at MD step   64600. t/step: 4.90257e-01
 # Average timings at MD step   64700. t/step: 4.91114e-01
 # Average timings at MD step   64800. t/step: 4.67296e-01
 # Average timings at MD step   64900. t/step: 4.38127e-01
 # Average timings at MD step   65000. t/step: 4.67890e-01
 # Average timings at MD step   65100. t/step: 4.44521e-01
 # Average timings at MD step   65200. t/step: 4.41352e-01
 # Average timings at MD step   65300. t/step: 4.31358e-01
 # Average timings at MD step   65400. t/step: 4.40888e-01
 # Average timings at MD step   65500. t/step: 4.63195e-01
 # Average timings at MD step   65600. t/step: 4.52634e-01
 # Average timings at MD step   65700. t/step: 4.33234e-01
 # Average timings at MD step   65800. t/step: 4.56218e-01
 # Average timings at MD step   65900. t/step: 4.42672e-01
 # Average timings at MD step   66000. t/step: 4.66868e-01
 # Average timings at MD step   66100. t/step: 4.61321e-01
 # Average timings at MD step   66200. t/step: 4.61421e-01
 # Average timings at MD step   66300. t/step: 4.10199e-01
 # Average timings at MD step   66400. t/step: 4.61141e-01
 # Average timings at MD step   66500. t/step: 4.45339e-01
 # Average timings at MD step   66600. t/step: 4.22684e-01
 # Average timings at MD step   66700. t/step: 4.82933e-01
 # Average timings at MD step   66800. t/step: 4.80347e-01
 # Average timings at MD step   66900. t/step: 4.56271e-01
 # Average timings at MD step   67000. t/step: 3.94795e-01
 # Average timings at MD step   67100. t/step: 4.24346e-01
 # Average timings at MD step   67200. t/step: 4.57616e-01
 # Average timings at MD step   67300. t/step: 4.60734e-01
 # Average timings at MD step   67400. t/step: 4.65117e-01
 # Average timings at MD step   67500. t/step: 4.43149e-01
 # Average timings at MD step   67600. t/step: 4.58332e-01
 # Average timings at MD step   67700. t/step: 4.59053e-01
 # Average timings at MD step   67800. t/step: 4.54673e-01
 # Average timings at MD step   67900. t/step: 4.58139e-01
 # Average timings at MD step   68000. t/step: 4.25311e-01
 # Average timings at MD step   68100. t/step: 4.20703e-01
 # Average timings at MD step   68200. t/step: 4.15876e-01
 # Average timings at MD step   68300. t/step: 4.27736e-01
 # Average timings at MD step   68400. t/step: 4.73683e-01
 # Average timings at MD step   68500. t/step: 4.74531e-01
 # Average timings at MD step   68600. t/step: 4.40887e-01
 # Average timings at MD step   68700. t/step: 4.63719e-01
 # Average timings at MD step   68800. t/step: 4.53507e-01
 # Average timings at MD step   68900. t/step: 4.51953e-01
 # Average timings at MD step   69000. t/step: 4.86929e-01
 # Average timings at MD step   69100. t/step: 4.46903e-01
 # Average timings at MD step   69200. t/step: 4.55691e-01
 # Average timings at MD step   69300. t/step: 4.15012e-01
 # Average timings at MD step   69400. t/step: 4.73967e-01
 # Average timings at MD step   69500. t/step: 4.66326e-01
 # Average timings at MD step   69600. t/step: 4.30526e-01
 # Average timings at MD step   69700. t/step: 4.54629e-01
 # Average timings at MD step   69800. t/step: 4.57128e-01
 # Average timings at MD step   69900. t/step: 4.17229e-01
 # Average timings at MD step   70000. t/step: 4.67005e-01
 # Average timings at MD step   70100. t/step: 4.64042e-01
 # Average timings at MD step   70200. t/step: 4.52203e-01
 # Average timings at MD step   70300. t/step: 4.37504e-01
 # Average timings at MD step   70400. t/step: 4.62186e-01
 # Average timings at MD step   70500. t/step: 4.67458e-01
 # Average timings at MD step   70600. t/step: 4.49747e-01
 # Average timings at MD step   70700. t/step: 4.40698e-01
 # Average timings at MD step   70800. t/step: 4.08106e-01
 # Average timings at MD step   70900. t/step: 4.74766e-01
 # Average timings at MD step   71000. t/step: 4.44080e-01
 # Average timings at MD step   71100. t/step: 4.33186e-01
 # Average timings at MD step   71200. t/step: 4.60364e-01
 # Average timings at MD step   71300. t/step: 4.28465e-01
 # Average timings at MD step   71400. t/step: 4.33268e-01
 # Average timings at MD step   71500. t/step: 4.04414e-01
 # Average timings at MD step   71600. t/step: 4.53875e-01
 # Average timings at MD step   71700. t/step: 4.51972e-01
 # Average timings at MD step   71800. t/step: 4.06435e-01
 # Average timings at MD step   71900. t/step: 4.52233e-01
 # Average timings at MD step   72000. t/step: 4.64852e-01
 # Average timings at MD step   72100. t/step: 4.37405e-01
 # Average timings at MD step   72200. t/step: 4.44802e-01
 # Average timings at MD step   72300. t/step: 4.62558e-01
 # Average timings at MD step   72400. t/step: 4.40395e-01
 # Average timings at MD step   72500. t/step: 4.57376e-01
 # Average timings at MD step   72600. t/step: 4.43431e-01
 # Average timings at MD step   72700. t/step: 4.54196e-01
 # Average timings at MD step   72800. t/step: 4.64072e-01
 # Average timings at MD step   72900. t/step: 4.50528e-01
 # Average timings at MD step   73000. t/step: 4.31621e-01
 # Average timings at MD step   73100. t/step: 4.42268e-01
 # Average timings at MD step   73200. t/step: 4.78955e-01
 # Average timings at MD step   73300. t/step: 4.73926e-01
 # Average timings at MD step   73400. t/step: 4.38385e-01
 # Average timings at MD step   73500. t/step: 4.47756e-01
 # Average timings at MD step   73600. t/step: 4.52427e-01
 # Average timings at MD step   73700. t/step: 4.61130e-01
 # Average timings at MD step   73800. t/step: 4.71671e-01
 # Average timings at MD step   73900. t/step: 4.34393e-01
 # Average timings at MD step   74000. t/step: 4.53796e-01
 # Average timings at MD step   74100. t/step: 4.43033e-01
 # Average timings at MD step   74200. t/step: 4.62467e-01
 # Average timings at MD step   74300. t/step: 4.65500e-01
 # Average timings at MD step   74400. t/step: 4.37426e-01
 # Average timings at MD step   74500. t/step: 4.46173e-01
 # Average timings at MD step   74600. t/step: 4.37638e-01
 # Average timings at MD step   74700. t/step: 4.38127e-01
 # Average timings at MD step   74800. t/step: 4.17855e-01
 # Average timings at MD step   74900. t/step: 4.67751e-01
 # Average timings at MD step   75000. t/step: 4.57158e-01
 # Average timings at MD step   75100. t/step: 4.46399e-01
 # Average timings at MD step   75200. t/step: 4.55418e-01
 # Average timings at MD step   75300. t/step: 4.66669e-01
 # Average timings at MD step   75400. t/step: 4.04750e-01
 # Average timings at MD step   75500. t/step: 4.50873e-01
 # Average timings at MD step   75600. t/step: 4.58767e-01
 # Average timings at MD step   75700. t/step: 4.67478e-01
 # Average timings at MD step   75800. t/step: 4.77183e-01
 # Average timings at MD step   75900. t/step: 4.65205e-01
 # Average timings at MD step   76000. t/step: 4.34818e-01
 # Average timings at MD step   76100. t/step: 4.38897e-01
 # Average timings at MD step   76200. t/step: 4.65714e-01
 # Average timings at MD step   76300. t/step: 4.71786e-01
 # Average timings at MD step   76400. t/step: 4.61976e-01
 # Average timings at MD step   76500. t/step: 4.75285e-01
 # Average timings at MD step   76600. t/step: 4.50532e-01
 # Average timings at MD step   76700. t/step: 4.55326e-01
 # Average timings at MD step   76800. t/step: 4.15469e-01
 # Average timings at MD step   76900. t/step: 4.63185e-01
 # Average timings at MD step   77000. t/step: 4.38867e-01
 # Average timings at MD step   77100. t/step: 4.42217e-01
 # Average timings at MD step   77200. t/step: 4.46876e-01
 # Average timings at MD step   77300. t/step: 4.66148e-01
 # Average timings at MD step   77400. t/step: 4.00977e-01
 # Average timings at MD step   77500. t/step: 4.88897e-01
 # Average timings at MD step   77600. t/step: 4.74454e-01
 # Average timings at MD step   77700. t/step: 3.98214e-01
 # Average timings at MD step   77800. t/step: 4.36109e-01
 # Average timings at MD step   77900. t/step: 4.81286e-01
 # Average timings at MD step   78000. t/step: 4.26043e-01
 # Average timings at MD step   78100. t/step: 4.55940e-01
 # Average timings at MD step   78200. t/step: 4.52023e-01
 # Average timings at MD step   78300. t/step: 4.33728e-01
 # Average timings at MD step   78400. t/step: 4.68786e-01
 # Average timings at MD step   78500. t/step: 4.65833e-01
 # Average timings at MD step   78600. t/step: 4.70714e-01
 # Average timings at MD step   78700. t/step: 4.27006e-01
 # Average timings at MD step   78800. t/step: 4.52295e-01
 # Average timings at MD step   78900. t/step: 3.82436e-01
 # Average timings at MD step   79000. t/step: 4.29876e-01
 # Average timings at MD step   79100. t/step: 4.71389e-01
 # Average timings at MD step   79200. t/step: 4.07119e-01
 # Average timings at MD step   79300. t/step: 4.13397e-01
 # Average timings at MD step   79400. t/step: 4.44558e-01
 # Average timings at MD step   79500. t/step: 4.27295e-01
 # Average timings at MD step   79600. t/step: 4.52241e-01
 # Average timings at MD step   79700. t/step: 3.97261e-01
 # Average timings at MD step   79800. t/step: 4.63305e-01
 # Average timings at MD step   79900. t/step: 4.52964e-01
 # Average timings at MD step   80000. t/step: 4.40025e-01
 # Average timings at MD step   80100. t/step: 4.20440e-01
 # Average timings at MD step   80200. t/step: 4.38426e-01
 # Average timings at MD step   80300. t/step: 4.66351e-01
 # Average timings at MD step   80400. t/step: 4.50561e-01
 # Average timings at MD step   80500. t/step: 4.56777e-01
 # Average timings at MD step   80600. t/step: 4.58711e-01
 # Average timings at MD step   80700. t/step: 4.35733e-01
 # Average timings at MD step   80800. t/step: 4.69303e-01
 # Average timings at MD step   80900. t/step: 4.46033e-01
 # Average timings at MD step   81000. t/step: 4.02742e-01
 # Average timings at MD step   81100. t/step: 4.68424e-01
 # Average timings at MD step   81200. t/step: 4.83119e-01
 # Average timings at MD step   81300. t/step: 4.24133e-01
 # Average timings at MD step   81400. t/step: 4.53593e-01
 # Average timings at MD step   81500. t/step: 4.45484e-01
 # Average timings at MD step   81600. t/step: 4.58214e-01
 # Average timings at MD step   81700. t/step: 4.79055e-01
 # Average timings at MD step   81800. t/step: 4.80805e-01
 # Average timings at MD step   81900. t/step: 4.65013e-01
 # Average timings at MD step   82000. t/step: 4.39053e-01
 # Average timings at MD step   82100. t/step: 4.17633e-01
 # Average timings at MD step   82200. t/step: 4.65542e-01
 # Average timings at MD step   82300. t/step: 4.47634e-01
 # Average timings at MD step   82400. t/step: 4.53141e-01
 # Average timings at MD step   82500. t/step: 4.47366e-01
 # Average timings at MD step   82600. t/step: 4.50913e-01
 # Average timings at MD step   82700. t/step: 4.56335e-01
 # Average timings at MD step   82800. t/step: 4.21260e-01
 # Average timings at MD step   82900. t/step: 4.26874e-01
 # Average timings at MD step   83000. t/step: 4.71506e-01
 # Average timings at MD step   83100. t/step: 4.44065e-01
 # Average timings at MD step   83200. t/step: 4.25260e-01
 # Average timings at MD step   83300. t/step: 4.54751e-01
 # Average timings at MD step   83400. t/step: 4.43472e-01
 # Average timings at MD step   83500. t/step: 4.72440e-01
 # Average timings at MD step   83600. t/step: 4.28526e-01
 # Average timings at MD step   83700. t/step: 4.44684e-01
 # Average timings at MD step   83800. t/step: 4.83834e-01
 # Average timings at MD step   83900. t/step: 4.90206e-01
 # Average timings at MD step   84000. t/step: 4.40204e-01
 # Average timings at MD step   84100. t/step: 4.52302e-01
 # Average timings at MD step   84200. t/step: 4.39371e-01
 # Average timings at MD step   84300. t/step: 4.05546e-01
 # Average timings at MD step   84400. t/step: 4.73623e-01
 # Average timings at MD step   84500. t/step: 4.82084e-01
 # Average timings at MD step   84600. t/step: 4.50015e-01
 # Average timings at MD step   84700. t/step: 4.45914e-01
 # Average timings at MD step   84800. t/step: 4.55896e-01
 # Average timings at MD step   84900. t/step: 4.03068e-01
 # Average timings at MD step   85000. t/step: 4.52820e-01
 # Average timings at MD step   85100. t/step: 4.73219e-01
 # Average timings at MD step   85200. t/step: 4.52104e-01
 # Average timings at MD step   85300. t/step: 4.44726e-01
 # Average timings at MD step   85400. t/step: 4.33569e-01
 # Average timings at MD step   85500. t/step: 4.74757e-01
 # Average timings at MD step   85600. t/step: 4.82761e-01
 # Average timings at MD step   85700. t/step: 4.18444e-01
 # Average timings at MD step   85800. t/step: 4.52787e-01
 # Average timings at MD step   85900. t/step: 4.62307e-01
 # Average timings at MD step   86000. t/step: 4.69853e-01
 # Average timings at MD step   86100. t/step: 4.41918e-01
 # Average timings at MD step   86200. t/step: 4.22708e-01
 # Average timings at MD step   86300. t/step: 4.43959e-01
 # Average timings at MD step   86400. t/step: 4.84769e-01
 # Average timings at MD step   86500. t/step: 4.71766e-01
 # Average timings at MD step   86600. t/step: 4.50892e-01
 # Average timings at MD step   86700. t/step: 4.46112e-01
 # Average timings at MD step   86800. t/step: 4.46290e-01
 # Average timings at MD step   86900. t/step: 4.46305e-01
 # Average timings at MD step   87000. t/step: 4.23268e-01
 # Average timings at MD step   87100. t/step: 4.21329e-01
 # Average timings at MD step   87200. t/step: 4.63800e-01
 # Average timings at MD step   87300. t/step: 4.50697e-01
 # Average timings at MD step   87400. t/step: 4.38387e-01
 # Average timings at MD step   87500. t/step: 4.33639e-01
 # Average timings at MD step   87600. t/step: 4.70240e-01
 # Average timings at MD step   87700. t/step: 4.44338e-01
 # Average timings at MD step   87800. t/step: 4.28692e-01
 # Average timings at MD step   87900. t/step: 4.29939e-01
 # Average timings at MD step   88000. t/step: 4.12091e-01
 # Average timings at MD step   88100. t/step: 4.65624e-01
 # Average timings at MD step   88200. t/step: 4.21066e-01
 # Average timings at MD step   88300. t/step: 4.84613e-01
 # Average timings at MD step   88400. t/step: 4.35305e-01
 # Average timings at MD step   88500. t/step: 4.43738e-01
 # Average timings at MD step   88600. t/step: 4.51833e-01
 # Average timings at MD step   88700. t/step: 4.32402e-01
 # Average timings at MD step   88800. t/step: 4.77622e-01
 # Average timings at MD step   88900. t/step: 4.61909e-01
 # Average timings at MD step   89000. t/step: 4.25323e-01
 # Average timings at MD step   89100. t/step: 4.42011e-01
 # Average timings at MD step   89200. t/step: 4.38763e-01
 # Average timings at MD step   89300. t/step: 4.42881e-01
 # Average timings at MD step   89400. t/step: 4.28985e-01
 # Average timings at MD step   89500. t/step: 4.37624e-01
 # Average timings at MD step   89600. t/step: 4.58856e-01
 # Average timings at MD step   89700. t/step: 4.88108e-01
 # Average timings at MD step   89800. t/step: 4.64900e-01
 # Average timings at MD step   89900. t/step: 4.37938e-01
 # Average timings at MD step   90000. t/step: 4.41551e-01
 # Average timings at MD step   90100. t/step: 4.61418e-01
 # Average timings at MD step   90200. t/step: 4.57736e-01
 # Average timings at MD step   90300. t/step: 4.31039e-01
 # Average timings at MD step   90400. t/step: 4.78191e-01
 # Average timings at MD step   90500. t/step: 4.49016e-01
 # Average timings at MD step   90600. t/step: 4.48556e-01
 # Average timings at MD step   90700. t/step: 4.59778e-01
 # Average timings at MD step   90800. t/step: 4.37585e-01
 # Average timings at MD step   90900. t/step: 4.39765e-01
 # Average timings at MD step   91000. t/step: 4.55797e-01
 # Average timings at MD step   91100. t/step: 4.41510e-01
 # Average timings at MD step   91200. t/step: 4.44701e-01
 # Average timings at MD step   91300. t/step: 4.37006e-01
 # Average timings at MD step   91400. t/step: 4.72964e-01
 # Average timings at MD step   91500. t/step: 4.69455e-01
 # Average timings at MD step   91600. t/step: 4.51899e-01
 # Average timings at MD step   91700. t/step: 4.47734e-01
 # Average timings at MD step   91800. t/step: 4.43233e-01
 # Average timings at MD step   91900. t/step: 4.40309e-01
 # Average timings at MD step   92000. t/step: 4.72605e-01
 # Average timings at MD step   92100. t/step: 4.47831e-01
 # Average timings at MD step   92200. t/step: 4.61338e-01
 # Average timings at MD step   92300. t/step: 4.69491e-01
 # Average timings at MD step   92400. t/step: 4.24883e-01
 # Average timings at MD step   92500. t/step: 4.32884e-01
 # Average timings at MD step   92600. t/step: 4.74787e-01
 # Average timings at MD step   92700. t/step: 3.96285e-01
 # Average timings at MD step   92800. t/step: 4.56829e-01
 # Average timings at MD step   92900. t/step: 4.61604e-01
 # Average timings at MD step   93000. t/step: 4.82420e-01
 # Average timings at MD step   93100. t/step: 4.44266e-01
 # Average timings at MD step   93200. t/step: 4.13708e-01
 # Average timings at MD step   93300. t/step: 4.19518e-01
 # Average timings at MD step   93400. t/step: 4.77236e-01
 # Average timings at MD step   93500. t/step: 4.63446e-01
 # Average timings at MD step   93600. t/step: 4.25084e-01
 # Average timings at MD step   93700. t/step: 4.36730e-01
 # Average timings at MD step   93800. t/step: 4.35263e-01
 # Average timings at MD step   93900. t/step: 4.58659e-01
 # Average timings at MD step   94000. t/step: 4.26823e-01
 # Average timings at MD step   94100. t/step: 4.65277e-01
 # Average timings at MD step   94200. t/step: 4.46171e-01
 # Average timings at MD step   94300. t/step: 4.62775e-01
 # Average timings at MD step   94400. t/step: 4.52530e-01
 # Average timings at MD step   94500. t/step: 4.16845e-01
 # Average timings at MD step   94600. t/step: 4.50033e-01
 # Average timings at MD step   94700. t/step: 4.56422e-01
 # Average timings at MD step   94800. t/step: 4.47941e-01
 # Average timings at MD step   94900. t/step: 4.46256e-01
 # Average timings at MD step   95000. t/step: 4.47029e-01
 # Average timings at MD step   95100. t/step: 4.27881e-01
 # Average timings at MD step   95200. t/step: 4.00819e-01
 # Average timings at MD step   95300. t/step: 4.24431e-01
 # Average timings at MD step   95400. t/step: 4.18512e-01
 # Average timings at MD step   95500. t/step: 4.71783e-01
 # Average timings at MD step   95600. t/step: 4.43644e-01
 # Average timings at MD step   95700. t/step: 4.70849e-01
 # Average timings at MD step   95800. t/step: 4.58985e-01
 # Average timings at MD step   95900. t/step: 4.52217e-01
 # Average timings at MD step   96000. t/step: 4.32976e-01
 # Average timings at MD step   96100. t/step: 4.41031e-01
 # Average timings at MD step   96200. t/step: 4.66766e-01
 # Average timings at MD step   96300. t/step: 4.45084e-01
 # Average timings at MD step   96400. t/step: 4.33391e-01
 # Average timings at MD step   96500. t/step: 4.05107e-01
 # Average timings at MD step   96600. t/step: 4.77301e-01
 # Average timings at MD step   96700. t/step: 4.72435e-01
 # Average timings at MD step   96800. t/step: 4.91498e-01
 # Average timings at MD step   96900. t/step: 4.36530e-01
 # Average timings at MD step   97000. t/step: 4.22550e-01
 # Average timings at MD step   97100. t/step: 4.75923e-01
 # Average timings at MD step   97200. t/step: 4.72983e-01
 # Average timings at MD step   97300. t/step: 4.78240e-01
 # Average timings at MD step   97400. t/step: 4.15758e-01
 # Average timings at MD step   97500. t/step: 4.00963e-01
 # Average timings at MD step   97600. t/step: 4.39846e-01
 # Average timings at MD step   97700. t/step: 4.90652e-01
 # Average timings at MD step   97800. t/step: 4.68749e-01
 # Average timings at MD step   97900. t/step: 4.91915e-01
 # Average timings at MD step   98000. t/step: 4.52848e-01
 # Average timings at MD step   98100. t/step: 4.28242e-01
 # Average timings at MD step   98200. t/step: 4.02898e-01
 # Average timings at MD step   98300. t/step: 4.60933e-01
 # Average timings at MD step   98400. t/step: 4.11988e-01
 # Average timings at MD step   98500. t/step: 4.56422e-01
 # Average timings at MD step   98600. t/step: 4.58635e-01
 # Average timings at MD step   98700. t/step: 4.18607e-01
 # Average timings at MD step   98800. t/step: 4.63809e-01
 # Average timings at MD step   98900. t/step: 4.16324e-01
 # Average timings at MD step   99000. t/step: 4.07202e-01
 # Average timings at MD step   99100. t/step: 4.42272e-01
 # Average timings at MD step   99200. t/step: 4.50565e-01
 # Average timings at MD step   99300. t/step: 4.44786e-01
 # Average timings at MD step   99400. t/step: 4.54929e-01
 # Average timings at MD step   99500. t/step: 4.32206e-01
 # Average timings at MD step   99600. t/step: 4.67922e-01
 # Average timings at MD step   99700. t/step: 4.22176e-01
 # Average timings at MD step   99800. t/step: 4.12799e-01
 # Average timings at MD step   99900. t/step: 4.49057e-01
SOFTEXIT CALLED FROM THREAD <_MainThread(MainThread, started 23270303553344)>  @ SIMULATION: Exiting cleanly.
 !W! Soft exit has been requested with message: ' @ SIMULATION: Exiting cleanly.'. Cleaning up.
 @SOCKET: Shutting down the driver interface.
SOFTEXIT: Saving the latest status at the end of the step
Backup performed: RESTART -> #RESTART#0#
