
 ____       ____       ____       ____
/    \     /    \     /    \     /    \
|  #################################  |
\__#_/     \____/     \____/     \_#__/
   #    _        _______  _____    #
   #   (_)      |_   __ \|_   _|   #      -*-     v 2.0    -*-
   #   __  ______ | |__) | | |     #
   Y  [  ||______||  ___/  | |     #      A Universal Force Engine
  0 0  | |       _| |_    _| |_    #
   #  [___]     |_____|  |_____|   #
 __#_       ____       ____       _#__
/  # \     /    \     /    \     / #  \
|  #################################  |
\____/     \____/     \____/     \____/

    
 # @simulation: Fetchingffsocket
 # Initializing system object 
 # Initializing simulation object 
 # @simulation: Fetchingffsocket
 # Initializing system object 
 # Initializing simulation object 
 # @simulation: Fetchingffsocket
 # Initializing system object 
 # Initializing simulation object 
 # @simulation: Fetchingffsocket
 # Initializing system object 
 # Initializing simulation object 
 # @simulation: Fetchingffsocket
 # Initializing system object 
 # Initializing simulation object 
 # @simulation: Fetchingffsocket
 # Initializing system object 
 # Initializing simulation object 
 !W! Overwriting previous atomic momenta
 # Resampling velocities at temperature 295.0 kelvin
 # Binding the forces 
Created unix socket with address unixsocketipi
 @ForceField: Starting the polling thread main loop.
 # i-PI loaded input file:  RESTART
 --- begin input file content ---
<simulation verbosity='medium'>
   <output prefix='nvt'>
    <trajectory filename='pos' stride='10' format='xyz' cell_units='angstrom'> positions{angstrom} </trajectory>
    <properties filename='md' stride='50'> [step, time{picosecond}, conserved, temperature{Kelvin}, potential] </properties>
   </output>
   <total_steps> 100000 </total_steps>
   <total_time>83600</total_time>
   <prng>
  <seed> 23793 </seed>
   </prng>
   <ffsocket mode='unix' name='MASE'>
  <address> unixsocketipi </address>
     <port> 23423 </port>
   </ffsocket>
   <system>
     <initialize nbeads='1'>
       <file mode='chk'> nvt.chk </file>
       <velocities mode='thermal' units='kelvin'> 295 </velocities>
     </initialize>
     <forces>
       <force forcefield='MASE'> </force>
     </forces>
     <ensemble>
       <temperature units='kelvin'> 295 </temperature>
     </ensemble>
     <motion mode='dynamics'>
       <dynamics>
         <timestep units='femtosecond'> 1.0 </timestep>
       </dynamics>
     </motion>
   </system>
 </simulation>
  ---  end input file content  ---
 @SOCKET:   Client asked for connection from . Now hand-shaking.
 @SOCKET:   Handshaking was successful. Added to the client list.
 # Average timings at MD step       0. t/step: 7.27841e-01
 # Average timings at MD step     100. t/step: 4.09267e-01
 # Average timings at MD step     200. t/step: 3.24576e-01
 # Average timings at MD step     300. t/step: 3.21953e-01
 # Average timings at MD step     400. t/step: 3.56060e-01
 # Average timings at MD step     500. t/step: 3.54393e-01
 # Average timings at MD step     600. t/step: 3.68636e-01
 # Average timings at MD step     700. t/step: 3.66637e-01
 # Average timings at MD step     800. t/step: 3.70435e-01
 # Average timings at MD step     900. t/step: 3.79370e-01
 # Average timings at MD step    1000. t/step: 3.75956e-01
 # Average timings at MD step    1100. t/step: 3.83824e-01
 # Average timings at MD step    1200. t/step: 3.50193e-01
 # Average timings at MD step    1300. t/step: 3.69471e-01
 # Average timings at MD step    1400. t/step: 3.80579e-01
 # Average timings at MD step    1500. t/step: 4.06094e-01
 # Average timings at MD step    1600. t/step: 4.01116e-01
 # Average timings at MD step    1700. t/step: 3.86805e-01
 # Average timings at MD step    1800. t/step: 4.01253e-01
 # Average timings at MD step    1900. t/step: 3.95950e-01
 # Average timings at MD step    2000. t/step: 3.64358e-01
 # Average timings at MD step    2100. t/step: 3.71122e-01
 # Average timings at MD step    2200. t/step: 4.25948e-01
 # Average timings at MD step    2300. t/step: 3.79168e-01
 # Average timings at MD step    2400. t/step: 4.04100e-01
 # Average timings at MD step    2500. t/step: 3.75219e-01
 # Average timings at MD step    2600. t/step: 3.81808e-01
 # Average timings at MD step    2700. t/step: 3.76351e-01
 # Average timings at MD step    2800. t/step: 3.70646e-01
 # Average timings at MD step    2900. t/step: 3.84818e-01
 # Average timings at MD step    3000. t/step: 3.55918e-01
 # Average timings at MD step    3100. t/step: 3.90619e-01
 # Average timings at MD step    3200. t/step: 4.00143e-01
 # Average timings at MD step    3300. t/step: 3.92749e-01
 # Average timings at MD step    3400. t/step: 3.67724e-01
 # Average timings at MD step    3500. t/step: 3.71008e-01
 # Average timings at MD step    3600. t/step: 3.72817e-01
 # Average timings at MD step    3700. t/step: 3.85171e-01
 # Average timings at MD step    3800. t/step: 3.85233e-01
 # Average timings at MD step    3900. t/step: 3.78299e-01
 # Average timings at MD step    4000. t/step: 3.87821e-01
 # Average timings at MD step    4100. t/step: 3.66932e-01
 # Average timings at MD step    4200. t/step: 3.63938e-01
 # Average timings at MD step    4300. t/step: 3.60936e-01
 # Average timings at MD step    4400. t/step: 3.70608e-01
 # Average timings at MD step    4500. t/step: 3.72905e-01
 # Average timings at MD step    4600. t/step: 3.76617e-01
 # Average timings at MD step    4700. t/step: 4.17815e-01
 # Average timings at MD step    4800. t/step: 4.32014e-01
 # Average timings at MD step    4900. t/step: 4.16297e-01
 # Average timings at MD step    5000. t/step: 3.98445e-01
 # Average timings at MD step    5100. t/step: 3.62976e-01
 # Average timings at MD step    5200. t/step: 3.86630e-01
 # Average timings at MD step    5300. t/step: 4.08063e-01
 # Average timings at MD step    5400. t/step: 3.72332e-01
 # Average timings at MD step    5500. t/step: 3.76154e-01
 # Average timings at MD step    5600. t/step: 4.07494e-01
 # Average timings at MD step    5700. t/step: 4.18153e-01
 # Average timings at MD step    5800. t/step: 4.39406e-01
 # Average timings at MD step    5900. t/step: 3.90652e-01
 # Average timings at MD step    6000. t/step: 3.56191e-01
 # Average timings at MD step    6100. t/step: 3.63961e-01
 # Average timings at MD step    6200. t/step: 3.59720e-01
 # Average timings at MD step    6300. t/step: 3.68561e-01
 # Average timings at MD step    6400. t/step: 4.23991e-01
 # Average timings at MD step    6500. t/step: 4.10554e-01
 # Average timings at MD step    6600. t/step: 3.66320e-01
 # Average timings at MD step    6700. t/step: 4.26067e-01
 # Average timings at MD step    6800. t/step: 4.03766e-01
 # Average timings at MD step    6900. t/step: 3.99347e-01
 # Average timings at MD step    7000. t/step: 3.86738e-01
 # Average timings at MD step    7100. t/step: 4.22778e-01
 # Average timings at MD step    7200. t/step: 3.98438e-01
 # Average timings at MD step    7300. t/step: 4.14499e-01
 # Average timings at MD step    7400. t/step: 3.91837e-01
 # Average timings at MD step    7500. t/step: 3.99943e-01
 # Average timings at MD step    7600. t/step: 3.74779e-01
 # Average timings at MD step    7700. t/step: 4.26833e-01
 # Average timings at MD step    7800. t/step: 3.80057e-01
 # Average timings at MD step    7900. t/step: 3.77447e-01
 # Average timings at MD step    8000. t/step: 3.66442e-01
 # Average timings at MD step    8100. t/step: 3.71382e-01
 # Average timings at MD step    8200. t/step: 3.66938e-01
 # Average timings at MD step    8300. t/step: 4.14406e-01
 # Average timings at MD step    8400. t/step: 4.09080e-01
 # Average timings at MD step    8500. t/step: 4.11708e-01
 # Average timings at MD step    8600. t/step: 3.73503e-01
 # Average timings at MD step    8700. t/step: 4.34900e-01
 # Average timings at MD step    8800. t/step: 4.50316e-01
 # Average timings at MD step    8900. t/step: 4.19245e-01
 # Average timings at MD step    9000. t/step: 4.15149e-01
 # Average timings at MD step    9100. t/step: 4.24310e-01
 # Average timings at MD step    9200. t/step: 3.86323e-01
 # Average timings at MD step    9300. t/step: 4.45234e-01
 # Average timings at MD step    9400. t/step: 4.23629e-01
 # Average timings at MD step    9500. t/step: 4.08130e-01
 # Average timings at MD step    9600. t/step: 4.33987e-01
 # Average timings at MD step    9700. t/step: 4.05912e-01
 # Average timings at MD step    9800. t/step: 3.79760e-01
 # Average timings at MD step    9900. t/step: 3.85963e-01
 # Average timings at MD step   10000. t/step: 4.51860e-01
 # Average timings at MD step   10100. t/step: 4.00415e-01
 # Average timings at MD step   10200. t/step: 3.61899e-01
 # Average timings at MD step   10300. t/step: 4.23478e-01
 # Average timings at MD step   10400. t/step: 4.49653e-01
 # Average timings at MD step   10500. t/step: 4.44131e-01
 # Average timings at MD step   10600. t/step: 4.11993e-01
 # Average timings at MD step   10700. t/step: 3.84765e-01
 # Average timings at MD step   10800. t/step: 3.98176e-01
 # Average timings at MD step   10900. t/step: 4.30965e-01
 # Average timings at MD step   11000. t/step: 4.32593e-01
 # Average timings at MD step   11100. t/step: 4.06106e-01
 # Average timings at MD step   11200. t/step: 3.69153e-01
 # Average timings at MD step   11300. t/step: 3.95218e-01
 # Average timings at MD step   11400. t/step: 4.15656e-01
 # Average timings at MD step   11500. t/step: 4.27881e-01
 # Average timings at MD step   11600. t/step: 4.22262e-01
 # Average timings at MD step   11700. t/step: 4.11551e-01
 # Average timings at MD step   11800. t/step: 3.76434e-01
 # Average timings at MD step   11900. t/step: 4.03833e-01
 # Average timings at MD step   12000. t/step: 3.67943e-01
 # Average timings at MD step   12100. t/step: 4.35901e-01
 # Average timings at MD step   12200. t/step: 3.79149e-01
 # Average timings at MD step   12300. t/step: 4.34210e-01
 # Average timings at MD step   12400. t/step: 4.41743e-01
 # Average timings at MD step   12500. t/step: 4.36809e-01
 # Average timings at MD step   12600. t/step: 4.24924e-01
 # Average timings at MD step   12700. t/step: 4.12545e-01
 # Average timings at MD step   12800. t/step: 4.19122e-01
 # Average timings at MD step   12900. t/step: 4.37498e-01
 # Average timings at MD step   13000. t/step: 4.36951e-01
 # Average timings at MD step   13100. t/step: 4.27803e-01
 # Average timings at MD step   13200. t/step: 4.00453e-01
 # Average timings at MD step   13300. t/step: 3.64499e-01
 # Average timings at MD step   13400. t/step: 4.51553e-01
 # Average timings at MD step   13500. t/step: 4.56113e-01
 # Average timings at MD step   13600. t/step: 4.45702e-01
 # Average timings at MD step   13700. t/step: 4.18561e-01
 # Average timings at MD step   13800. t/step: 4.14208e-01
 # Average timings at MD step   13900. t/step: 3.82051e-01
 # Average timings at MD step   14000. t/step: 4.31486e-01
 # Average timings at MD step   14100. t/step: 4.25172e-01
 # Average timings at MD step   14200. t/step: 4.39136e-01
 # Average timings at MD step   14300. t/step: 4.22025e-01
 # Average timings at MD step   14400. t/step: 3.76129e-01
 # Average timings at MD step   14500. t/step: 4.35442e-01
 # Average timings at MD step   14600. t/step: 4.06931e-01
 # Average timings at MD step   14700. t/step: 4.28287e-01
 # Average timings at MD step   14800. t/step: 4.28029e-01
 # Average timings at MD step   14900. t/step: 3.87277e-01
 # Average timings at MD step   15000. t/step: 4.16781e-01
 # Average timings at MD step   15100. t/step: 4.26545e-01
 # Average timings at MD step   15200. t/step: 4.44668e-01
 # Average timings at MD step   15300. t/step: 4.39909e-01
 # Average timings at MD step   15400. t/step: 3.75409e-01
 # Average timings at MD step   15500. t/step: 4.22386e-01
 # Average timings at MD step   15600. t/step: 4.28456e-01
 # Average timings at MD step   15700. t/step: 4.25539e-01
 # Average timings at MD step   15800. t/step: 4.22129e-01
 # Average timings at MD step   15900. t/step: 3.97254e-01
 # Average timings at MD step   16000. t/step: 4.26327e-01
 # Average timings at MD step   16100. t/step: 3.84399e-01
 # Average timings at MD step   16200. t/step: 4.59727e-01
 # Average timings at MD step   16300. t/step: 3.97415e-01
 # Average timings at MD step   16400. t/step: 4.53187e-01
 # Average timings at MD step   16500. t/step: 4.40741e-01
 # Average timings at MD step   16600. t/step: 3.87854e-01
 # Average timings at MD step   16700. t/step: 4.43459e-01
 # Average timings at MD step   16800. t/step: 4.32561e-01
 # Average timings at MD step   16900. t/step: 4.44623e-01
 # Average timings at MD step   17000. t/step: 4.38385e-01
 # Average timings at MD step   17100. t/step: 4.16357e-01
 # Average timings at MD step   17200. t/step: 4.32866e-01
 # Average timings at MD step   17300. t/step: 4.21315e-01
 # Average timings at MD step   17400. t/step: 4.09193e-01
 # Average timings at MD step   17500. t/step: 4.25998e-01
 # Average timings at MD step   17600. t/step: 3.74293e-01
 # Average timings at MD step   17700. t/step: 4.20488e-01
 # Average timings at MD step   17800. t/step: 3.80512e-01
 # Average timings at MD step   17900. t/step: 4.27637e-01
 # Average timings at MD step   18000. t/step: 4.22015e-01
 # Average timings at MD step   18100. t/step: 4.14619e-01
 # Average timings at MD step   18200. t/step: 4.25086e-01
 # Average timings at MD step   18300. t/step: 4.07314e-01
 # Average timings at MD step   18400. t/step: 3.94795e-01
 # Average timings at MD step   18500. t/step: 4.28974e-01
 # Average timings at MD step   18600. t/step: 4.45051e-01
 # Average timings at MD step   18700. t/step: 4.22946e-01
 # Average timings at MD step   18800. t/step: 4.25243e-01
 # Average timings at MD step   18900. t/step: 4.07236e-01
 # Average timings at MD step   19000. t/step: 4.40781e-01
 # Average timings at MD step   19100. t/step: 4.41836e-01
 # Average timings at MD step   19200. t/step: 4.27668e-01
 # Average timings at MD step   19300. t/step: 4.33149e-01
 # Average timings at MD step   19400. t/step: 4.13009e-01
 # Average timings at MD step   19500. t/step: 3.62722e-01
 # Average timings at MD step   19600. t/step: 4.38805e-01
 # Average timings at MD step   19700. t/step: 4.24375e-01
 # Average timings at MD step   19800. t/step: 4.34426e-01
 # Average timings at MD step   19900. t/step: 4.14556e-01
 # Average timings at MD step   20000. t/step: 4.17111e-01
 # Average timings at MD step   20100. t/step: 4.33319e-01
 # Average timings at MD step   20200. t/step: 4.37361e-01
 # Average timings at MD step   20300. t/step: 3.89281e-01
 # Average timings at MD step   20400. t/step: 4.20523e-01
 # Average timings at MD step   20500. t/step: 4.16371e-01
 # Average timings at MD step   20600. t/step: 4.15562e-01
 # Average timings at MD step   20700. t/step: 4.16674e-01
 # Average timings at MD step   20800. t/step: 4.18034e-01
 # Average timings at MD step   20900. t/step: 4.21841e-01
 # Average timings at MD step   21000. t/step: 4.05069e-01
 # Average timings at MD step   21100. t/step: 4.37826e-01
 # Average timings at MD step   21200. t/step: 4.10749e-01
 # Average timings at MD step   21300. t/step: 3.88478e-01
 # Average timings at MD step   21400. t/step: 4.17833e-01
 # Average timings at MD step   21500. t/step: 3.94494e-01
 # Average timings at MD step   21600. t/step: 4.13254e-01
 # Average timings at MD step   21700. t/step: 4.33086e-01
 # Average timings at MD step   21800. t/step: 3.90747e-01
 # Average timings at MD step   21900. t/step: 3.83880e-01
 # Average timings at MD step   22000. t/step: 4.29709e-01
 # Average timings at MD step   22100. t/step: 4.24833e-01
 # Average timings at MD step   22200. t/step: 4.53269e-01
 # Average timings at MD step   22300. t/step: 4.17657e-01
 # Average timings at MD step   22400. t/step: 4.19873e-01
 # Average timings at MD step   22500. t/step: 4.22245e-01
 # Average timings at MD step   22600. t/step: 4.11105e-01
 # Average timings at MD step   22700. t/step: 3.98802e-01
 # Average timings at MD step   22800. t/step: 4.29378e-01
 # Average timings at MD step   22900. t/step: 3.88895e-01
 # Average timings at MD step   23000. t/step: 3.97713e-01
 # Average timings at MD step   23100. t/step: 3.67593e-01
 # Average timings at MD step   23200. t/step: 4.11413e-01
 # Average timings at MD step   23300. t/step: 4.30153e-01
 # Average timings at MD step   23400. t/step: 4.52879e-01
 # Average timings at MD step   23500. t/step: 4.24684e-01
 # Average timings at MD step   23600. t/step: 4.17513e-01
 # Average timings at MD step   23700. t/step: 4.04413e-01
 # Average timings at MD step   23800. t/step: 4.37899e-01
 # Average timings at MD step   23900. t/step: 4.18700e-01
 # Average timings at MD step   24000. t/step: 3.68511e-01
 # Average timings at MD step   24100. t/step: 3.83361e-01
 # Average timings at MD step   24200. t/step: 4.33435e-01
 # Average timings at MD step   24300. t/step: 4.31077e-01
 # Average timings at MD step   24400. t/step: 3.74131e-01
 # Average timings at MD step   24500. t/step: 3.72824e-01
 # Average timings at MD step   24600. t/step: 4.08216e-01
 # Average timings at MD step   24700. t/step: 4.06329e-01
 # Average timings at MD step   24800. t/step: 3.99802e-01
 # Average timings at MD step   24900. t/step: 4.49985e-01
 # Average timings at MD step   25000. t/step: 4.17040e-01
 # Average timings at MD step   25100. t/step: 4.45700e-01
 # Average timings at MD step   25200. t/step: 4.26041e-01
 # Average timings at MD step   25300. t/step: 4.25732e-01
 # Average timings at MD step   25400. t/step: 4.11950e-01
 # Average timings at MD step   25500. t/step: 4.07968e-01
 # Average timings at MD step   25600. t/step: 4.33602e-01
 # Average timings at MD step   25700. t/step: 3.83939e-01
 # Average timings at MD step   25800. t/step: 3.81863e-01
 # Average timings at MD step   25900. t/step: 4.30977e-01
 # Average timings at MD step   26000. t/step: 4.40018e-01
 # Average timings at MD step   26100. t/step: 4.44344e-01
 # Average timings at MD step   26200. t/step: 4.30629e-01
 # Average timings at MD step   26300. t/step: 4.14924e-01
 # Average timings at MD step   26400. t/step: 4.16136e-01
 # Average timings at MD step   26500. t/step: 3.69805e-01
 # Average timings at MD step   26600. t/step: 4.28451e-01
 # Average timings at MD step   26700. t/step: 3.98845e-01
 # Average timings at MD step   26800. t/step: 4.09395e-01
 # Average timings at MD step   26900. t/step: 3.88506e-01
 # Average timings at MD step   27000. t/step: 4.12832e-01
 # Average timings at MD step   27100. t/step: 4.22309e-01
 # Average timings at MD step   27200. t/step: 4.40872e-01
 # Average timings at MD step   27300. t/step: 4.25936e-01
 # Average timings at MD step   27400. t/step: 4.17782e-01
 # Average timings at MD step   27500. t/step: 4.12287e-01
 # Average timings at MD step   27600. t/step: 3.93326e-01
 # Average timings at MD step   27700. t/step: 4.06110e-01
 # Average timings at MD step   27800. t/step: 4.39860e-01
 # Average timings at MD step   27900. t/step: 4.41871e-01
 # Average timings at MD step   28000. t/step: 4.16130e-01
 # Average timings at MD step   28100. t/step: 4.11298e-01
 # Average timings at MD step   28200. t/step: 3.92074e-01
 # Average timings at MD step   28300. t/step: 4.34430e-01
 # Average timings at MD step   28400. t/step: 4.43322e-01
 # Average timings at MD step   28500. t/step: 4.31348e-01
 # Average timings at MD step   28600. t/step: 4.09204e-01
 # Average timings at MD step   28700. t/step: 4.22337e-01
 # Average timings at MD step   28800. t/step: 3.53551e-01
 # Average timings at MD step   28900. t/step: 4.08915e-01
 # Average timings at MD step   29000. t/step: 4.11564e-01
 # Average timings at MD step   29100. t/step: 4.42834e-01
 # Average timings at MD step   29200. t/step: 3.87467e-01
 # Average timings at MD step   29300. t/step: 4.30108e-01
 # Average timings at MD step   29400. t/step: 4.07984e-01
 # Average timings at MD step   29500. t/step: 3.89734e-01
 # Average timings at MD step   29600. t/step: 4.56087e-01
 # Average timings at MD step   29700. t/step: 4.00374e-01
 # Average timings at MD step   29800. t/step: 4.11188e-01
 # Average timings at MD step   29900. t/step: 3.92332e-01
 # Average timings at MD step   30000. t/step: 4.29248e-01
 # Average timings at MD step   30100. t/step: 3.92299e-01
 # Average timings at MD step   30200. t/step: 4.17234e-01
 # Average timings at MD step   30300. t/step: 4.45245e-01
 # Average timings at MD step   30400. t/step: 3.99759e-01
 # Average timings at MD step   30500. t/step: 3.77015e-01
 # Average timings at MD step   30600. t/step: 4.45291e-01
 # Average timings at MD step   30700. t/step: 4.19668e-01
 # Average timings at MD step   30800. t/step: 4.19984e-01
 # Average timings at MD step   30900. t/step: 4.50777e-01
 # Average timings at MD step   31000. t/step: 4.31066e-01
 # Average timings at MD step   31100. t/step: 3.92530e-01
 # Average timings at MD step   31200. t/step: 4.17835e-01
 # Average timings at MD step   31300. t/step: 4.14479e-01
 # Average timings at MD step   31400. t/step: 4.31082e-01
 # Average timings at MD step   31500. t/step: 4.28657e-01
 # Average timings at MD step   31600. t/step: 4.22340e-01
 # Average timings at MD step   31700. t/step: 4.00892e-01
 # Average timings at MD step   31800. t/step: 4.21497e-01
 # Average timings at MD step   31900. t/step: 4.40947e-01
 # Average timings at MD step   32000. t/step: 4.41678e-01
 # Average timings at MD step   32100. t/step: 4.13308e-01
 # Average timings at MD step   32200. t/step: 3.79145e-01
 # Average timings at MD step   32300. t/step: 4.41006e-01
 # Average timings at MD step   32400. t/step: 4.12760e-01
 # Average timings at MD step   32500. t/step: 3.87581e-01
 # Average timings at MD step   32600. t/step: 3.98357e-01
 # Average timings at MD step   32700. t/step: 4.07158e-01
 # Average timings at MD step   32800. t/step: 3.99504e-01
 # Average timings at MD step   32900. t/step: 4.27510e-01
 # Average timings at MD step   33000. t/step: 4.23415e-01
 # Average timings at MD step   33100. t/step: 4.22423e-01
 # Average timings at MD step   33200. t/step: 3.86467e-01
 # Average timings at MD step   33300. t/step: 4.22883e-01
 # Average timings at MD step   33400. t/step: 3.79686e-01
 # Average timings at MD step   33500. t/step: 4.15677e-01
 # Average timings at MD step   33600. t/step: 4.12044e-01
 # Average timings at MD step   33700. t/step: 3.83050e-01
 # Average timings at MD step   33800. t/step: 4.16244e-01
 # Average timings at MD step   33900. t/step: 4.15945e-01
 # Average timings at MD step   34000. t/step: 4.13003e-01
 # Average timings at MD step   34100. t/step: 4.46181e-01
 # Average timings at MD step   34200. t/step: 4.39190e-01
 # Average timings at MD step   34300. t/step: 4.41035e-01
 # Average timings at MD step   34400. t/step: 3.83493e-01
 # Average timings at MD step   34500. t/step: 4.14210e-01
 # Average timings at MD step   34600. t/step: 4.26992e-01
 # Average timings at MD step   34700. t/step: 4.30494e-01
 # Average timings at MD step   34800. t/step: 4.40121e-01
 # Average timings at MD step   34900. t/step: 3.88954e-01
 # Average timings at MD step   35000. t/step: 4.27949e-01
 # Average timings at MD step   35100. t/step: 3.97688e-01
 # Average timings at MD step   35200. t/step: 4.37649e-01
 # Average timings at MD step   35300. t/step: 4.49770e-01
 # Average timings at MD step   35400. t/step: 4.05593e-01
 # Average timings at MD step   35500. t/step: 4.26857e-01
 # Average timings at MD step   35600. t/step: 4.07804e-01
 # Average timings at MD step   35700. t/step: 4.41402e-01
 # Average timings at MD step   35800. t/step: 4.35099e-01
 # Average timings at MD step   35900. t/step: 4.11085e-01
 # Average timings at MD step   36000. t/step: 4.27585e-01
 # Average timings at MD step   36100. t/step: 4.17283e-01
 # Average timings at MD step   36200. t/step: 4.18021e-01
 # Average timings at MD step   36300. t/step: 3.85747e-01
 # Average timings at MD step   36400. t/step: 4.29795e-01
 # Average timings at MD step   36500. t/step: 3.66573e-01
 # Average timings at MD step   36600. t/step: 4.43694e-01
 # Average timings at MD step   36700. t/step: 4.18236e-01
 # Average timings at MD step   36800. t/step: 4.41768e-01
 # Average timings at MD step   36900. t/step: 4.36314e-01
 # Average timings at MD step   37000. t/step: 4.46359e-01
 # Average timings at MD step   37100. t/step: 4.23993e-01
 # Average timings at MD step   37200. t/step: 4.26485e-01
 # Average timings at MD step   37300. t/step: 3.73294e-01
 # Average timings at MD step   37400. t/step: 3.76531e-01
 # Average timings at MD step   37500. t/step: 4.48919e-01
 # Average timings at MD step   37600. t/step: 4.43899e-01
 # Average timings at MD step   37700. t/step: 4.34263e-01
 # Average timings at MD step   37800. t/step: 3.60213e-01
 # Average timings at MD step   37900. t/step: 3.87040e-01
 # Average timings at MD step   38000. t/step: 4.42294e-01
 # Average timings at MD step   38100. t/step: 4.46740e-01
 # Average timings at MD step   38200. t/step: 4.07596e-01
 # Average timings at MD step   38300. t/step: 4.42774e-01
 # Average timings at MD step   38400. t/step: 4.33799e-01
 # Average timings at MD step   38500. t/step: 4.06632e-01
 # Average timings at MD step   38600. t/step: 3.87570e-01
 # Average timings at MD step   38700. t/step: 4.37583e-01
 # Average timings at MD step   38800. t/step: 4.21819e-01
 # Average timings at MD step   38900. t/step: 3.72614e-01
 # Average timings at MD step   39000. t/step: 4.32912e-01
 # Average timings at MD step   39100. t/step: 4.26707e-01
 # Average timings at MD step   39200. t/step: 3.91087e-01
 # Average timings at MD step   39300. t/step: 4.45377e-01
 # Average timings at MD step   39400. t/step: 4.18711e-01
 # Average timings at MD step   39500. t/step: 4.35260e-01
 # Average timings at MD step   39600. t/step: 4.06377e-01
 # Average timings at MD step   39700. t/step: 3.92204e-01
 # Average timings at MD step   39800. t/step: 4.27599e-01
 # Average timings at MD step   39900. t/step: 3.99088e-01
 # Average timings at MD step   40000. t/step: 4.24668e-01
 # Average timings at MD step   40100. t/step: 4.34818e-01
 # Average timings at MD step   40200. t/step: 3.66864e-01
 # Average timings at MD step   40300. t/step: 4.51447e-01
 # Average timings at MD step   40400. t/step: 4.37193e-01
 # Average timings at MD step   40500. t/step: 4.31089e-01
 # Average timings at MD step   40600. t/step: 4.14639e-01
 # Average timings at MD step   40700. t/step: 4.09929e-01
 # Average timings at MD step   40800. t/step: 4.09546e-01
 # Average timings at MD step   40900. t/step: 4.12899e-01
 # Average timings at MD step   41000. t/step: 4.08488e-01
 # Average timings at MD step   41100. t/step: 4.20314e-01
 # Average timings at MD step   41200. t/step: 4.22346e-01
 # Average timings at MD step   41300. t/step: 4.16112e-01
 # Average timings at MD step   41400. t/step: 4.16719e-01
 # Average timings at MD step   41500. t/step: 3.96292e-01
 # Average timings at MD step   41600. t/step: 4.24830e-01
 # Average timings at MD step   41700. t/step: 4.16918e-01
 # Average timings at MD step   41800. t/step: 4.39127e-01
 # Average timings at MD step   41900. t/step: 4.14652e-01
 # Average timings at MD step   42000. t/step: 4.12568e-01
 # Average timings at MD step   42100. t/step: 4.31101e-01
 # Average timings at MD step   42200. t/step: 4.03776e-01
 # Average timings at MD step   42300. t/step: 4.17501e-01
 # Average timings at MD step   42400. t/step: 4.33988e-01
 # Average timings at MD step   42500. t/step: 4.09703e-01
 # Average timings at MD step   42600. t/step: 4.24280e-01
 # Average timings at MD step   42700. t/step: 4.23857e-01
 # Average timings at MD step   42800. t/step: 4.32059e-01
 # Average timings at MD step   42900. t/step: 4.45593e-01
 # Average timings at MD step   43000. t/step: 4.30614e-01
 # Average timings at MD step   43100. t/step: 4.17531e-01
 # Average timings at MD step   43200. t/step: 4.27862e-01
 # Average timings at MD step   43300. t/step: 4.30387e-01
 # Average timings at MD step   43400. t/step: 4.27704e-01
 # Average timings at MD step   43500. t/step: 4.16438e-01
 # Average timings at MD step   43600. t/step: 3.72680e-01
 # Average timings at MD step   43700. t/step: 4.26809e-01
 # Average timings at MD step   43800. t/step: 4.32387e-01
 # Average timings at MD step   43900. t/step: 4.15200e-01
 # Average timings at MD step   44000. t/step: 3.79317e-01
 # Average timings at MD step   44100. t/step: 3.87448e-01
 # Average timings at MD step   44200. t/step: 4.06216e-01
 # Average timings at MD step   44300. t/step: 4.29034e-01
 # Average timings at MD step   44400. t/step: 4.39066e-01
 # Average timings at MD step   44500. t/step: 4.08212e-01
 # Average timings at MD step   44600. t/step: 4.19582e-01
 # Average timings at MD step   44700. t/step: 4.00536e-01
 # Average timings at MD step   44800. t/step: 4.04965e-01
 # Average timings at MD step   44900. t/step: 3.92620e-01
 # Average timings at MD step   45000. t/step: 3.90328e-01
 # Average timings at MD step   45100. t/step: 3.93144e-01
 # Average timings at MD step   45200. t/step: 4.56872e-01
 # Average timings at MD step   45300. t/step: 4.30154e-01
 # Average timings at MD step   45400. t/step: 4.24640e-01
 # Average timings at MD step   45500. t/step: 4.37841e-01
 # Average timings at MD step   45600. t/step: 4.46777e-01
 # Average timings at MD step   45700. t/step: 4.30436e-01
 # Average timings at MD step   45800. t/step: 4.49116e-01
 # Average timings at MD step   45900. t/step: 3.98343e-01
 # Average timings at MD step   46000. t/step: 4.41478e-01
 # Average timings at MD step   46100. t/step: 4.37662e-01
 # Average timings at MD step   46200. t/step: 4.16347e-01
 # Average timings at MD step   46300. t/step: 4.49902e-01
 # Average timings at MD step   46400. t/step: 4.06048e-01
 # Average timings at MD step   46500. t/step: 4.23909e-01
 # Average timings at MD step   46600. t/step: 4.12960e-01
 # Average timings at MD step   46700. t/step: 3.65983e-01
 # Average timings at MD step   46800. t/step: 4.17692e-01
 # Average timings at MD step   46900. t/step: 3.91268e-01
 # Average timings at MD step   47000. t/step: 4.31316e-01
 # Average timings at MD step   47100. t/step: 3.88191e-01
 # Average timings at MD step   47200. t/step: 4.15428e-01
 # Average timings at MD step   47300. t/step: 4.12163e-01
 # Average timings at MD step   47400. t/step: 4.19882e-01
 # Average timings at MD step   47500. t/step: 4.55917e-01
 # Average timings at MD step   47600. t/step: 4.34435e-01
 # Average timings at MD step   47700. t/step: 4.21244e-01
 # Average timings at MD step   47800. t/step: 4.22605e-01
 # Average timings at MD step   47900. t/step: 3.69168e-01
 # Average timings at MD step   48000. t/step: 4.50545e-01
 # Average timings at MD step   48100. t/step: 4.11072e-01
 # Average timings at MD step   48200. t/step: 3.79347e-01
 # Average timings at MD step   48300. t/step: 4.09277e-01
 # Average timings at MD step   48400. t/step: 4.35089e-01
 # Average timings at MD step   48500. t/step: 4.46186e-01
 # Average timings at MD step   48600. t/step: 3.90602e-01
 # Average timings at MD step   48700. t/step: 3.96908e-01
 # Average timings at MD step   48800. t/step: 4.24381e-01
 # Average timings at MD step   48900. t/step: 4.25040e-01
 # Average timings at MD step   49000. t/step: 3.93777e-01
 # Average timings at MD step   49100. t/step: 4.49527e-01
 # Average timings at MD step   49200. t/step: 4.42550e-01
 # Average timings at MD step   49300. t/step: 4.19299e-01
 # Average timings at MD step   49400. t/step: 3.99829e-01
 # Average timings at MD step   49500. t/step: 4.46783e-01
 # Average timings at MD step   49600. t/step: 4.07873e-01
 # Average timings at MD step   49700. t/step: 4.46671e-01
 # Average timings at MD step   49800. t/step: 4.36877e-01
 # Average timings at MD step   49900. t/step: 4.07834e-01
 # Average timings at MD step   50000. t/step: 4.12409e-01
 # Average timings at MD step   50100. t/step: 4.39306e-01
 # Average timings at MD step   50200. t/step: 4.33152e-01
 # Average timings at MD step   50300. t/step: 3.72768e-01
 # Average timings at MD step   50400. t/step: 4.24744e-01
 # Average timings at MD step   50500. t/step: 4.16192e-01
 # Average timings at MD step   50600. t/step: 4.28415e-01
 # Average timings at MD step   50700. t/step: 4.10015e-01
 # Average timings at MD step   50800. t/step: 4.46227e-01
 # Average timings at MD step   50900. t/step: 4.42305e-01
 # Average timings at MD step   51000. t/step: 4.04551e-01
 # Average timings at MD step   51100. t/step: 4.07874e-01
 # Average timings at MD step   51200. t/step: 4.43706e-01
 # Average timings at MD step   51300. t/step: 4.38453e-01
 # Average timings at MD step   51400. t/step: 3.99105e-01
 # Average timings at MD step   51500. t/step: 4.53768e-01
 # Average timings at MD step   51600. t/step: 4.13817e-01
 # Average timings at MD step   51700. t/step: 4.44436e-01
 # Average timings at MD step   51800. t/step: 4.31774e-01
 # Average timings at MD step   51900. t/step: 4.03721e-01
 # Average timings at MD step   52000. t/step: 4.01409e-01
 # Average timings at MD step   52100. t/step: 3.70324e-01
 # Average timings at MD step   52200. t/step: 3.99126e-01
 # Average timings at MD step   52300. t/step: 4.37153e-01
 # Average timings at MD step   52400. t/step: 4.27139e-01
 # Average timings at MD step   52500. t/step: 4.34596e-01
 # Average timings at MD step   52600. t/step: 4.17129e-01
 # Average timings at MD step   52700. t/step: 4.51797e-01
 # Average timings at MD step   52800. t/step: 4.08699e-01
 # Average timings at MD step   52900. t/step: 4.42993e-01
 # Average timings at MD step   53000. t/step: 4.37210e-01
 # Average timings at MD step   53100. t/step: 4.35554e-01
 # Average timings at MD step   53200. t/step: 4.43812e-01
 # Average timings at MD step   53300. t/step: 4.22642e-01
 # Average timings at MD step   53400. t/step: 3.91728e-01
 # Average timings at MD step   53500. t/step: 4.30400e-01
 # Average timings at MD step   53600. t/step: 4.34690e-01
 # Average timings at MD step   53700. t/step: 4.41357e-01
 # Average timings at MD step   53800. t/step: 3.68266e-01
 # Average timings at MD step   53900. t/step: 4.07719e-01
 # Average timings at MD step   54000. t/step: 4.27135e-01
 # Average timings at MD step   54100. t/step: 3.84336e-01
 # Average timings at MD step   54200. t/step: 3.92595e-01
 # Average timings at MD step   54300. t/step: 4.28533e-01
 # Average timings at MD step   54400. t/step: 4.41529e-01
 # Average timings at MD step   54500. t/step: 4.10495e-01
 # Average timings at MD step   54600. t/step: 4.12986e-01
 # Average timings at MD step   54700. t/step: 4.44269e-01
 # Average timings at MD step   54800. t/step: 4.12987e-01
 # Average timings at MD step   54900. t/step: 3.79156e-01
 # Average timings at MD step   55000. t/step: 4.45736e-01
 # Average timings at MD step   55100. t/step: 4.13750e-01
 # Average timings at MD step   55200. t/step: 4.42671e-01
 # Average timings at MD step   55300. t/step: 4.38195e-01
 # Average timings at MD step   55400. t/step: 4.08888e-01
 # Average timings at MD step   55500. t/step: 4.59787e-01
 # Average timings at MD step   55600. t/step: 4.26486e-01
 # Average timings at MD step   55700. t/step: 4.16448e-01
 # Average timings at MD step   55800. t/step: 4.39067e-01
 # Average timings at MD step   55900. t/step: 4.11947e-01
 # Average timings at MD step   56000. t/step: 4.20792e-01
 # Average timings at MD step   56100. t/step: 4.50331e-01
 # Average timings at MD step   56200. t/step: 4.05923e-01
 # Average timings at MD step   56300. t/step: 4.26557e-01
 # Average timings at MD step   56400. t/step: 3.93760e-01
 # Average timings at MD step   56500. t/step: 4.51703e-01
 # Average timings at MD step   56600. t/step: 4.46156e-01
 # Average timings at MD step   56700. t/step: 4.16039e-01
 # Average timings at MD step   56800. t/step: 3.93965e-01
 # Average timings at MD step   56900. t/step: 4.06093e-01
 # Average timings at MD step   57000. t/step: 4.07524e-01
 # Average timings at MD step   57100. t/step: 4.25464e-01
 # Average timings at MD step   57200. t/step: 4.38291e-01
 # Average timings at MD step   57300. t/step: 4.13593e-01
 # Average timings at MD step   57400. t/step: 4.37397e-01
 # Average timings at MD step   57500. t/step: 4.20128e-01
 # Average timings at MD step   57600. t/step: 4.34197e-01
 # Average timings at MD step   57700. t/step: 4.14256e-01
 # Average timings at MD step   57800. t/step: 4.22284e-01
 # Average timings at MD step   57900. t/step: 4.22526e-01
 # Average timings at MD step   58000. t/step: 4.01412e-01
 # Average timings at MD step   58100. t/step: 3.83647e-01
 # Average timings at MD step   58200. t/step: 4.04117e-01
 # Average timings at MD step   58300. t/step: 4.19423e-01
 # Average timings at MD step   58400. t/step: 4.45599e-01
 # Average timings at MD step   58500. t/step: 4.18990e-01
 # Average timings at MD step   58600. t/step: 4.22922e-01
 # Average timings at MD step   58700. t/step: 4.30222e-01
 # Average timings at MD step   58800. t/step: 3.90115e-01
 # Average timings at MD step   58900. t/step: 4.03225e-01
 # Average timings at MD step   59000. t/step: 4.42227e-01
 # Average timings at MD step   59100. t/step: 4.25173e-01
 # Average timings at MD step   59200. t/step: 4.18018e-01
 # Average timings at MD step   59300. t/step: 4.07127e-01
 # Average timings at MD step   59400. t/step: 4.45407e-01
 # Average timings at MD step   59500. t/step: 4.39240e-01
 # Average timings at MD step   59600. t/step: 4.24007e-01
 # Average timings at MD step   59700. t/step: 4.30131e-01
 # Average timings at MD step   59800. t/step: 4.29737e-01
 # Average timings at MD step   59900. t/step: 4.20925e-01
 # Average timings at MD step   60000. t/step: 3.92629e-01
 # Average timings at MD step   60100. t/step: 4.36380e-01
 # Average timings at MD step   60200. t/step: 4.18907e-01
 # Average timings at MD step   60300. t/step: 4.30356e-01
 # Average timings at MD step   60400. t/step: 4.27273e-01
 # Average timings at MD step   60500. t/step: 4.13527e-01
 # Average timings at MD step   60600. t/step: 4.13710e-01
 # Average timings at MD step   60700. t/step: 4.34285e-01
 # Average timings at MD step   60800. t/step: 4.24460e-01
 # Average timings at MD step   60900. t/step: 4.14006e-01
 # Average timings at MD step   61000. t/step: 4.24369e-01
 # Average timings at MD step   61100. t/step: 4.12433e-01
 # Average timings at MD step   61200. t/step: 4.23870e-01
 # Average timings at MD step   61300. t/step: 4.23026e-01
 # Average timings at MD step   61400. t/step: 3.89803e-01
 # Average timings at MD step   61500. t/step: 4.55044e-01
 # Average timings at MD step   61600. t/step: 4.13527e-01
 # Average timings at MD step   61700. t/step: 4.14738e-01
 # Average timings at MD step   61800. t/step: 4.38882e-01
 # Average timings at MD step   61900. t/step: 4.16737e-01
 # Average timings at MD step   62000. t/step: 4.34365e-01
 # Average timings at MD step   62100. t/step: 4.30924e-01
 # Average timings at MD step   62200. t/step: 4.35280e-01
 # Average timings at MD step   62300. t/step: 3.80434e-01
 # Average timings at MD step   62400. t/step: 3.98904e-01
 # Average timings at MD step   62500. t/step: 4.05532e-01
 # Average timings at MD step   62600. t/step: 4.00199e-01
 # Average timings at MD step   62700. t/step: 4.14653e-01
 # Average timings at MD step   62800. t/step: 4.46928e-01
 # Average timings at MD step   62900. t/step: 4.32325e-01
 # Average timings at MD step   63000. t/step: 4.27792e-01
 # Average timings at MD step   63100. t/step: 4.21276e-01
 # Average timings at MD step   63200. t/step: 4.21442e-01
 # Average timings at MD step   63300. t/step: 4.17008e-01
 # Average timings at MD step   63400. t/step: 4.14985e-01
 # Average timings at MD step   63500. t/step: 4.43770e-01
 # Average timings at MD step   63600. t/step: 4.24757e-01
 # Average timings at MD step   63700. t/step: 4.09361e-01
 # Average timings at MD step   63800. t/step: 4.33854e-01
 # Average timings at MD step   63900. t/step: 4.17188e-01
 # Average timings at MD step   64000. t/step: 4.18427e-01
 # Average timings at MD step   64100. t/step: 4.41607e-01
 # Average timings at MD step   64200. t/step: 4.16848e-01
 # Average timings at MD step   64300. t/step: 4.27209e-01
 # Average timings at MD step   64400. t/step: 4.30261e-01
 # Average timings at MD step   64500. t/step: 4.19255e-01
 # Average timings at MD step   64600. t/step: 3.98526e-01
 # Average timings at MD step   64700. t/step: 4.30720e-01
 # Average timings at MD step   64800. t/step: 4.23094e-01
 # Average timings at MD step   64900. t/step: 4.26074e-01
 # Average timings at MD step   65000. t/step: 4.10839e-01
 # Average timings at MD step   65100. t/step: 4.34760e-01
 # Average timings at MD step   65200. t/step: 4.27718e-01
 # Average timings at MD step   65300. t/step: 3.79120e-01
 # Average timings at MD step   65400. t/step: 4.35976e-01
 # Average timings at MD step   65500. t/step: 3.90905e-01
 # Average timings at MD step   65600. t/step: 4.15139e-01
 # Average timings at MD step   65700. t/step: 4.27327e-01
 # Average timings at MD step   65800. t/step: 4.25768e-01
 # Average timings at MD step   65900. t/step: 4.27554e-01
 # Average timings at MD step   66000. t/step: 4.21760e-01
 # Average timings at MD step   66100. t/step: 4.32413e-01
 # Average timings at MD step   66200. t/step: 4.15687e-01
 # Average timings at MD step   66300. t/step: 4.34015e-01
 # Average timings at MD step   66400. t/step: 4.05493e-01
 # Average timings at MD step   66500. t/step: 4.01512e-01
 # Average timings at MD step   66600. t/step: 4.46966e-01
 # Average timings at MD step   66700. t/step: 4.54230e-01
 # Average timings at MD step   66800. t/step: 4.33584e-01
 # Average timings at MD step   66900. t/step: 4.48893e-01
 # Average timings at MD step   67000. t/step: 4.15759e-01
 # Average timings at MD step   67100. t/step: 4.28611e-01
 # Average timings at MD step   67200. t/step: 4.19493e-01
 # Average timings at MD step   67300. t/step: 4.31264e-01
 # Average timings at MD step   67400. t/step: 4.44539e-01
 # Average timings at MD step   67500. t/step: 4.21906e-01
 # Average timings at MD step   67600. t/step: 4.25298e-01
 # Average timings at MD step   67700. t/step: 4.26095e-01
 # Average timings at MD step   67800. t/step: 4.22917e-01
 # Average timings at MD step   67900. t/step: 4.05116e-01
 # Average timings at MD step   68000. t/step: 4.22654e-01
 # Average timings at MD step   68100. t/step: 4.28283e-01
 # Average timings at MD step   68200. t/step: 4.12070e-01
 # Average timings at MD step   68300. t/step: 4.28752e-01
 # Average timings at MD step   68400. t/step: 4.14961e-01
 # Average timings at MD step   68500. t/step: 4.29436e-01
 # Average timings at MD step   68600. t/step: 4.31701e-01
 # Average timings at MD step   68700. t/step: 4.16778e-01
 # Average timings at MD step   68800. t/step: 3.99926e-01
 # Average timings at MD step   68900. t/step: 4.30650e-01
 # Average timings at MD step   69000. t/step: 4.30431e-01
 # Average timings at MD step   69100. t/step: 4.31512e-01
 # Average timings at MD step   69200. t/step: 4.36782e-01
 # Average timings at MD step   69300. t/step: 4.17593e-01
 # Average timings at MD step   69400. t/step: 3.93270e-01
 # Average timings at MD step   69500. t/step: 3.86787e-01
 # Average timings at MD step   69600. t/step: 3.76037e-01
 # Average timings at MD step   69700. t/step: 3.73468e-01
 # Average timings at MD step   69800. t/step: 3.93889e-01
 # Average timings at MD step   69900. t/step: 3.85693e-01
 # Average timings at MD step   70000. t/step: 4.25276e-01
 # Average timings at MD step   70100. t/step: 4.39271e-01
 # Average timings at MD step   70200. t/step: 4.26288e-01
 # Average timings at MD step   70300. t/step: 3.89773e-01
 # Average timings at MD step   70400. t/step: 4.40788e-01
 # Average timings at MD step   70500. t/step: 4.04032e-01
 # Average timings at MD step   70600. t/step: 4.20131e-01
 # Average timings at MD step   70700. t/step: 4.42823e-01
 # Average timings at MD step   70800. t/step: 4.08997e-01
 # Average timings at MD step   70900. t/step: 4.26731e-01
 # Average timings at MD step   71000. t/step: 4.17536e-01
 # Average timings at MD step   71100. t/step: 4.30244e-01
 # Average timings at MD step   71200. t/step: 4.04788e-01
 # Average timings at MD step   71300. t/step: 4.35943e-01
 # Average timings at MD step   71400. t/step: 4.36284e-01
 # Average timings at MD step   71500. t/step: 4.41951e-01
 # Average timings at MD step   71600. t/step: 4.27642e-01
 # Average timings at MD step   71700. t/step: 4.26980e-01
 # Average timings at MD step   71800. t/step: 4.24453e-01
 # Average timings at MD step   71900. t/step: 4.19397e-01
 # Average timings at MD step   72000. t/step: 4.29911e-01
 # Average timings at MD step   72100. t/step: 4.18708e-01
 # Average timings at MD step   72200. t/step: 4.24540e-01
 # Average timings at MD step   72300. t/step: 4.35918e-01
 # Average timings at MD step   72400. t/step: 4.34353e-01
 # Average timings at MD step   72500. t/step: 4.17540e-01
 # Average timings at MD step   72600. t/step: 4.32428e-01
 # Average timings at MD step   72700. t/step: 4.21011e-01
 # Average timings at MD step   72800. t/step: 3.88123e-01
 # Average timings at MD step   72900. t/step: 4.35502e-01
 # Average timings at MD step   73000. t/step: 4.28988e-01
 # Average timings at MD step   73100. t/step: 4.54701e-01
 # Average timings at MD step   73200. t/step: 4.45591e-01
 # Average timings at MD step   73300. t/step: 4.10911e-01
 # Average timings at MD step   73400. t/step: 4.26062e-01
 # Average timings at MD step   73500. t/step: 4.29160e-01
 # Average timings at MD step   73600. t/step: 4.18576e-01
 # Average timings at MD step   73700. t/step: 4.56215e-01
 # Average timings at MD step   73800. t/step: 4.29956e-01
 # Average timings at MD step   73900. t/step: 4.17996e-01
 # Average timings at MD step   74000. t/step: 4.22462e-01
 # Average timings at MD step   74100. t/step: 4.25771e-01
 # Average timings at MD step   74200. t/step: 4.27765e-01
 # Average timings at MD step   74300. t/step: 4.19179e-01
 # Average timings at MD step   74400. t/step: 4.23690e-01
 # Average timings at MD step   74500. t/step: 4.28241e-01
 # Average timings at MD step   74600. t/step: 3.94186e-01
 # Average timings at MD step   74700. t/step: 4.27517e-01
 # Average timings at MD step   74800. t/step: 4.32436e-01
 # Average timings at MD step   74900. t/step: 4.17745e-01
 # Average timings at MD step   75000. t/step: 3.98520e-01
 # Average timings at MD step   75100. t/step: 4.40760e-01
 # Average timings at MD step   75200. t/step: 4.43139e-01
 # Average timings at MD step   75300. t/step: 4.21278e-01
 # Average timings at MD step   75400. t/step: 3.61641e-01
 # Average timings at MD step   75500. t/step: 4.14617e-01
 # Average timings at MD step   75600. t/step: 3.98192e-01
 # Average timings at MD step   75700. t/step: 4.39442e-01
 # Average timings at MD step   75800. t/step: 4.47229e-01
 # Average timings at MD step   75900. t/step: 4.46241e-01
 # Average timings at MD step   76000. t/step: 4.48357e-01
 # Average timings at MD step   76100. t/step: 3.91329e-01
 # Average timings at MD step   76200. t/step: 4.16102e-01
 # Average timings at MD step   76300. t/step: 4.33675e-01
 # Average timings at MD step   76400. t/step: 4.12084e-01
 # Average timings at MD step   76500. t/step: 4.47651e-01
 # Average timings at MD step   76600. t/step: 4.02518e-01
 # Average timings at MD step   76700. t/step: 4.18995e-01
 # Average timings at MD step   76800. t/step: 4.28658e-01
 # Average timings at MD step   76900. t/step: 4.30860e-01
 # Average timings at MD step   77000. t/step: 4.21124e-01
 # Average timings at MD step   77100. t/step: 4.39209e-01
 # Average timings at MD step   77200. t/step: 4.20486e-01
 # Average timings at MD step   77300. t/step: 4.24944e-01
 # Average timings at MD step   77400. t/step: 4.17629e-01
 # Average timings at MD step   77500. t/step: 4.09777e-01
 # Average timings at MD step   77600. t/step: 4.36507e-01
 # Average timings at MD step   77700. t/step: 4.44160e-01
 # Average timings at MD step   77800. t/step: 4.08516e-01
 # Average timings at MD step   77900. t/step: 4.19721e-01
 # Average timings at MD step   78000. t/step: 4.35201e-01
 # Average timings at MD step   78100. t/step: 4.42106e-01
 # Average timings at MD step   78200. t/step: 4.27104e-01
 # Average timings at MD step   78300. t/step: 4.30922e-01
 # Average timings at MD step   78400. t/step: 4.30854e-01
 # Average timings at MD step   78500. t/step: 4.29253e-01
 # Average timings at MD step   78600. t/step: 4.28384e-01
 # Average timings at MD step   78700. t/step: 4.14780e-01
 # Average timings at MD step   78800. t/step: 4.39566e-01
 # Average timings at MD step   78900. t/step: 4.14730e-01
 # Average timings at MD step   79000. t/step: 4.33796e-01
 # Average timings at MD step   79100. t/step: 4.34365e-01
 # Average timings at MD step   79200. t/step: 4.11286e-01
 # Average timings at MD step   79300. t/step: 4.11474e-01
 # Average timings at MD step   79400. t/step: 3.93329e-01
 # Average timings at MD step   79500. t/step: 3.83581e-01
 # Average timings at MD step   79600. t/step: 4.34208e-01
 # Average timings at MD step   79700. t/step: 4.23824e-01
 # Average timings at MD step   79800. t/step: 4.26882e-01
 # Average timings at MD step   79900. t/step: 4.11774e-01
 # Average timings at MD step   80000. t/step: 3.83943e-01
 # Average timings at MD step   80100. t/step: 4.20428e-01
 # Average timings at MD step   80200. t/step: 4.22269e-01
 # Average timings at MD step   80300. t/step: 4.37005e-01
 # Average timings at MD step   80400. t/step: 4.17719e-01
 # Average timings at MD step   80500. t/step: 4.40433e-01
 # Average timings at MD step   80600. t/step: 4.31556e-01
 # Average timings at MD step   80700. t/step: 4.20651e-01
 # Average timings at MD step   80800. t/step: 3.93087e-01
 # Average timings at MD step   80900. t/step: 4.35616e-01
 # Average timings at MD step   81000. t/step: 4.11413e-01
 # Average timings at MD step   81100. t/step: 3.97233e-01
 # Average timings at MD step   81200. t/step: 3.87602e-01
 # Average timings at MD step   81300. t/step: 4.24730e-01
 # Average timings at MD step   81400. t/step: 4.35016e-01
 # Average timings at MD step   81500. t/step: 4.00986e-01
 # Average timings at MD step   81600. t/step: 4.35530e-01
 # Average timings at MD step   81700. t/step: 4.42066e-01
 # Average timings at MD step   81800. t/step: 4.17496e-01
 # Average timings at MD step   81900. t/step: 4.08410e-01
 # Average timings at MD step   82000. t/step: 3.89201e-01
 # Average timings at MD step   82100. t/step: 4.41913e-01
 # Average timings at MD step   82200. t/step: 3.99104e-01
 # Average timings at MD step   82300. t/step: 4.41513e-01
 # Average timings at MD step   82400. t/step: 4.17335e-01
 # Average timings at MD step   82500. t/step: 4.26931e-01
 # Average timings at MD step   82600. t/step: 3.90416e-01
 # Average timings at MD step   82700. t/step: 3.79862e-01
 # Average timings at MD step   82800. t/step: 4.00992e-01
 # Average timings at MD step   82900. t/step: 3.79884e-01
 # Average timings at MD step   83000. t/step: 4.40903e-01
 # Average timings at MD step   83100. t/step: 4.22357e-01
 # Average timings at MD step   83200. t/step: 4.18316e-01
 # Average timings at MD step   83300. t/step: 4.42977e-01
 # Average timings at MD step   83400. t/step: 4.45042e-01
 # Average timings at MD step   83500. t/step: 4.08416e-01
 # Average timings at MD step   83600. t/step: 3.61363e-01
 # Average timings at MD step   83700. t/step: 3.87337e-01
 # Average timings at MD step   83800. t/step: 4.08897e-01
 # Average timings at MD step   83900. t/step: 3.85317e-01
 # Average timings at MD step   84000. t/step: 4.41265e-01
 # Average timings at MD step   84100. t/step: 4.23857e-01
 # Average timings at MD step   84200. t/step: 4.07135e-01
 # Average timings at MD step   84300. t/step: 4.22391e-01
 # Average timings at MD step   84400. t/step: 4.26531e-01
 # Average timings at MD step   84500. t/step: 4.54893e-01
 # Average timings at MD step   84600. t/step: 4.41862e-01
 # Average timings at MD step   84700. t/step: 4.11031e-01
 # Average timings at MD step   84800. t/step: 3.85475e-01
 # Average timings at MD step   84900. t/step: 4.51653e-01
 # Average timings at MD step   85000. t/step: 4.16582e-01
 # Average timings at MD step   85100. t/step: 4.33330e-01
 # Average timings at MD step   85200. t/step: 4.41767e-01
 # Average timings at MD step   85300. t/step: 4.08543e-01
 # Average timings at MD step   85400. t/step: 4.14303e-01
 # Average timings at MD step   85500. t/step: 4.41543e-01
 # Average timings at MD step   85600. t/step: 4.32314e-01
 # Average timings at MD step   85700. t/step: 4.06116e-01
 # Average timings at MD step   85800. t/step: 4.22779e-01
 # Average timings at MD step   85900. t/step: 4.09805e-01
 # Average timings at MD step   86000. t/step: 4.00519e-01
 # Average timings at MD step   86100. t/step: 4.45530e-01
 # Average timings at MD step   86200. t/step: 4.23709e-01
 # Average timings at MD step   86300. t/step: 4.50332e-01
 # Average timings at MD step   86400. t/step: 3.95669e-01
 # Average timings at MD step   86500. t/step: 4.15616e-01
 # Average timings at MD step   86600. t/step: 4.44570e-01
 # Average timings at MD step   86700. t/step: 4.37324e-01
 # Average timings at MD step   86800. t/step: 3.87561e-01
 # Average timings at MD step   86900. t/step: 4.27242e-01
 # Average timings at MD step   87000. t/step: 4.25066e-01
 # Average timings at MD step   87100. t/step: 4.04307e-01
 # Average timings at MD step   87200. t/step: 4.32676e-01
 # Average timings at MD step   87300. t/step: 4.25338e-01
 # Average timings at MD step   87400. t/step: 4.42496e-01
 # Average timings at MD step   87500. t/step: 3.90010e-01
 # Average timings at MD step   87600. t/step: 4.02642e-01
 # Average timings at MD step   87700. t/step: 4.28945e-01
 # Average timings at MD step   87800. t/step: 4.09471e-01
 # Average timings at MD step   87900. t/step: 3.96619e-01
 # Average timings at MD step   88000. t/step: 4.02374e-01
 # Average timings at MD step   88100. t/step: 3.95181e-01
 # Average timings at MD step   88200. t/step: 4.09358e-01
 # Average timings at MD step   88300. t/step: 3.97909e-01
 # Average timings at MD step   88400. t/step: 4.13733e-01
 # Average timings at MD step   88500. t/step: 4.20931e-01
 # Average timings at MD step   88600. t/step: 4.34529e-01
 # Average timings at MD step   88700. t/step: 4.29059e-01
 # Average timings at MD step   88800. t/step: 4.04689e-01
 # Average timings at MD step   88900. t/step: 4.25322e-01
 # Average timings at MD step   89000. t/step: 4.22251e-01
 # Average timings at MD step   89100. t/step: 4.39662e-01
 # Average timings at MD step   89200. t/step: 4.40820e-01
 # Average timings at MD step   89300. t/step: 4.31324e-01
 # Average timings at MD step   89400. t/step: 4.14323e-01
 # Average timings at MD step   89500. t/step: 4.19313e-01
 # Average timings at MD step   89600. t/step: 4.14589e-01
 # Average timings at MD step   89700. t/step: 4.19636e-01
 # Average timings at MD step   89800. t/step: 4.29981e-01
 # Average timings at MD step   89900. t/step: 4.11188e-01
 # Average timings at MD step   90000. t/step: 3.64342e-01
 # Average timings at MD step   90100. t/step: 3.69729e-01
 # Average timings at MD step   90200. t/step: 3.61879e-01
 # Average timings at MD step   90300. t/step: 4.29096e-01
 # Average timings at MD step   90400. t/step: 3.82108e-01
 # Average timings at MD step   90500. t/step: 3.45277e-01
 # Average timings at MD step   90600. t/step: 4.15550e-01
 # Average timings at MD step   90700. t/step: 4.55707e-01
 # Average timings at MD step   90800. t/step: 4.61295e-01
 # Average timings at MD step   90900. t/step: 3.79600e-01
 # Average timings at MD step   91000. t/step: 4.04155e-01
 # Average timings at MD step   91100. t/step: 4.24038e-01
 # Average timings at MD step   91200. t/step: 3.74719e-01
 # Average timings at MD step   91300. t/step: 4.47042e-01
 # Average timings at MD step   91400. t/step: 4.27327e-01
 # Average timings at MD step   91500. t/step: 4.12072e-01
 # Average timings at MD step   91600. t/step: 4.22323e-01
 # Average timings at MD step   91700. t/step: 3.97979e-01
 # Average timings at MD step   91800. t/step: 4.16025e-01
 # Average timings at MD step   91900. t/step: 4.30481e-01
 # Average timings at MD step   92000. t/step: 4.52909e-01
 # Average timings at MD step   92100. t/step: 4.18340e-01
 # Average timings at MD step   92200. t/step: 4.03554e-01
 # Average timings at MD step   92300. t/step: 4.41308e-01
 # Average timings at MD step   92400. t/step: 4.49108e-01
 # Average timings at MD step   92500. t/step: 4.42161e-01
 # Average timings at MD step   92600. t/step: 4.32322e-01
 # Average timings at MD step   92700. t/step: 4.07142e-01
 # Average timings at MD step   92800. t/step: 4.22861e-01
 # Average timings at MD step   92900. t/step: 4.33493e-01
 # Average timings at MD step   93000. t/step: 4.42523e-01
 # Average timings at MD step   93100. t/step: 4.16942e-01
 # Average timings at MD step   93200. t/step: 3.86202e-01
 # Average timings at MD step   93300. t/step: 3.82082e-01
 # Average timings at MD step   93400. t/step: 4.24094e-01
 # Average timings at MD step   93500. t/step: 4.37680e-01
 # Average timings at MD step   93600. t/step: 4.46954e-01
 # Average timings at MD step   93700. t/step: 4.56576e-01
 # Average timings at MD step   93800. t/step: 4.29992e-01
 # Average timings at MD step   93900. t/step: 4.26969e-01
 # Average timings at MD step   94000. t/step: 4.29296e-01
 # Average timings at MD step   94100. t/step: 3.97887e-01
 # Average timings at MD step   94200. t/step: 4.24098e-01
 # Average timings at MD step   94300. t/step: 3.79447e-01
 # Average timings at MD step   94400. t/step: 4.31353e-01
 # Average timings at MD step   94500. t/step: 4.06263e-01
 # Average timings at MD step   94600. t/step: 4.35123e-01
 # Average timings at MD step   94700. t/step: 4.18096e-01
 # Average timings at MD step   94800. t/step: 4.29955e-01
 # Average timings at MD step   94900. t/step: 4.39958e-01
 # Average timings at MD step   95000. t/step: 3.91684e-01
 # Average timings at MD step   95100. t/step: 4.35824e-01
 # Average timings at MD step   95200. t/step: 3.71908e-01
 # Average timings at MD step   95300. t/step: 3.84376e-01
 # Average timings at MD step   95400. t/step: 4.13808e-01
 # Average timings at MD step   95500. t/step: 4.34079e-01
 # Average timings at MD step   95600. t/step: 4.23565e-01
 # Average timings at MD step   95700. t/step: 3.95787e-01
 # Average timings at MD step   95800. t/step: 4.37194e-01
 # Average timings at MD step   95900. t/step: 4.25252e-01
 # Average timings at MD step   96000. t/step: 4.28083e-01
 # Average timings at MD step   96100. t/step: 4.26412e-01
 # Average timings at MD step   96200. t/step: 4.26128e-01
 # Average timings at MD step   96300. t/step: 4.11887e-01
 # Average timings at MD step   96400. t/step: 4.10390e-01
 # Average timings at MD step   96500. t/step: 4.28814e-01
 # Average timings at MD step   96600. t/step: 3.84452e-01
 # Average timings at MD step   96700. t/step: 4.37165e-01
 # Average timings at MD step   96800. t/step: 4.27591e-01
 # Average timings at MD step   96900. t/step: 4.19012e-01
 # Average timings at MD step   97000. t/step: 4.27542e-01
 # Average timings at MD step   97100. t/step: 4.27764e-01
 # Average timings at MD step   97200. t/step: 4.26882e-01
 # Average timings at MD step   97300. t/step: 4.09387e-01
 # Average timings at MD step   97400. t/step: 4.20092e-01
 # Average timings at MD step   97500. t/step: 4.14802e-01
 # Average timings at MD step   97600. t/step: 4.49253e-01
 # Average timings at MD step   97700. t/step: 4.46466e-01
 # Average timings at MD step   97800. t/step: 4.23716e-01
 # Average timings at MD step   97900. t/step: 4.24656e-01
 # Average timings at MD step   98000. t/step: 4.02516e-01
 # Average timings at MD step   98100. t/step: 4.07480e-01
 # Average timings at MD step   98200. t/step: 4.39324e-01
 # Average timings at MD step   98300. t/step: 4.26657e-01
 # Average timings at MD step   98400. t/step: 4.33619e-01
 # Average timings at MD step   98500. t/step: 4.29982e-01
 # Average timings at MD step   98600. t/step: 4.26505e-01
 # Average timings at MD step   98700. t/step: 4.21578e-01
 # Average timings at MD step   98800. t/step: 4.18383e-01
 # Average timings at MD step   98900. t/step: 4.19136e-01
 # Average timings at MD step   99000. t/step: 4.23700e-01
 # Average timings at MD step   99100. t/step: 4.25894e-01
 # Average timings at MD step   99200. t/step: 4.08649e-01
 # Average timings at MD step   99300. t/step: 3.90239e-01
 # Average timings at MD step   99400. t/step: 4.22240e-01
 # Average timings at MD step   99500. t/step: 4.26193e-01
 # Average timings at MD step   99600. t/step: 4.22739e-01
 # Average timings at MD step   99700. t/step: 3.82523e-01
 # Average timings at MD step   99800. t/step: 4.25466e-01
 # Average timings at MD step   99900. t/step: 4.37190e-01
SOFTEXIT CALLED FROM THREAD <_MainThread(MainThread, started 22512777561920)>  @ SIMULATION: Exiting cleanly.
 !W! Soft exit has been requested with message: ' @ SIMULATION: Exiting cleanly.'. Cleaning up.
 @SOCKET: Shutting down the driver interface.
SOFTEXIT: Saving the latest status at the end of the step
Backup performed: RESTART -> #RESTART#0#
